This is pdfTeX, Version 3.1415926-2.3-1.40.12 (MiKTeX 2.9) (preloaded format=pdflatex 2012.11.19)  14 DEC 2012 17:10
entering extended mode
**graduate_defense.tex
(D:\Cloud\Github\graduate_defense\graduate_defense.tex
LaTeX2e <2011/06/27>
Babel <v3.8m> and hyphenation patterns for loaded.
("C:\Program Files (x86)\CTEX\MiKTeX\tex\latex\beamer\base\beamer.cls"
("C:\Program Files (x86)\CTEX\MiKTeX\tex\latex\beamer\base\beamerbasercs.sty"
Package: beamerbasercs 2012/02/22 (rcs-revision 46e1bc9c9b76)
)
Document Class: beamer 2011/09/12 development version 3.14 A class for typesett
ing presentations (rcs-revision 70f9d8411e54)
("C:\Program Files (x86)\CTEX\MiKTeX\tex\latex\beamer\base\beamerbasemodes.sty"
Package: beamerbasemodes 2010/05/01 (rcs-revision efa082c6111d)
\beamer@tempbox=\box26
\beamer@tempcount=\count79
\c@beamerpauses=\count80
("C:\Program Files (x86)\CTEX\MiKTeX\tex\latex\beamer\base\beamerbasedecode.sty
"
Package: beamerbasedecode 2010/05/01 (rcs-revision efa082c6111d)
\beamer@slideinframe=\count81
\beamer@minimum=\count82
)
\beamer@commentbox=\box27
\beamer@modecount=\count83
) ("C:\Program Files (x86)\CTEX\MiKTeX\tex\generic\oberdiek\ifpdf.sty"
Package: ifpdf 2011/01/30 v2.3 Provides the ifpdf switch (HO)
Package ifpdf Info: pdfTeX in PDF mode is detected.
)
\headheight=\dimen102
\headdp=\dimen103
\footheight=\dimen104
\sidebarheight=\dimen105
\beamer@tempdim=\dimen106
\beamer@finalheight=\dimen107
\beamer@animht=\dimen108
\beamer@animdp=\dimen109
\beamer@animwd=\dimen110
\beamer@leftmargin=\dimen111
\beamer@rightmargin=\dimen112
\beamer@leftsidebar=\dimen113
\beamer@rightsidebar=\dimen114
\beamer@boxsize=\dimen115
\beamer@vboxoffset=\dimen116
\beamer@descdefault=\dimen117
\beamer@descriptionwidth=\dimen118
\beamer@lastskip=\skip41
\beamer@areabox=\box28
\beamer@animcurrent=\box29
\beamer@animshowbox=\box30
\beamer@sectionbox=\box31
\beamer@logobox=\box32
\beamer@linebox=\box33
\beamer@sectioncount=\count84
\beamer@subsubsectionmax=\count85
\beamer@subsectionmax=\count86
\beamer@sectionmax=\count87
\beamer@totalheads=\count88
\beamer@headcounter=\count89
\beamer@partstartpage=\count90
\beamer@sectionstartpage=\count91
\beamer@subsectionstartpage=\count92
\beamer@animationtempa=\count93
\beamer@animationtempb=\count94
\beamer@xpos=\count95
\beamer@ypos=\count96
\beamer@showpartnumber=\count97
\beamer@currentsubsection=\count98
\beamer@coveringdepth=\count99
\beamer@sectionadjust=\count100
\beamer@tocsectionnumber=\count101

("C:\Program Files (x86)\CTEX\MiKTeX\tex\latex\beamer\base\beamerbaseoptions.st
y"
Package: beamerbaseoptions 2010/04/27 (rcs-revision 982469101dd6)
 ("C:\Program Files (x86)\CTEX\MiKTeX\tex\latex\graphics\keyval.sty"
Package: keyval 1999/03/16 v1.13 key=value parser (DPC)
\KV@toks@=\toks14
))
\beamer@paperwidth=\skip42
\beamer@paperheight=\skip43

("C:\Program Files (x86)\CTEX\MiKTeX\tex\latex\geometry\geometry.sty"
Package: geometry 2010/09/12 v5.6 Page Geometry

("C:\Program Files (x86)\CTEX\MiKTeX\tex\generic\oberdiek\ifvtex.sty"
Package: ifvtex 2010/03/01 v1.5 Switches for detecting VTeX and its modes (HO)
Package ifvtex Info: VTeX not detected.
)
("C:\Program Files (x86)\CTEX\MiKTeX\tex\generic\ifxetex\ifxetex.sty"
Package: ifxetex 2010/09/12 v0.6 Provides ifxetex conditional
)
\Gm@cnth=\count102
\Gm@cntv=\count103
\c@Gm@tempcnt=\count104
\Gm@bindingoffset=\dimen119
\Gm@wd@mp=\dimen120
\Gm@odd@mp=\dimen121
\Gm@even@mp=\dimen122
\Gm@layoutwidth=\dimen123
\Gm@layoutheight=\dimen124
\Gm@layouthoffset=\dimen125
\Gm@layoutvoffset=\dimen126
\Gm@dimlist=\toks15

("C:\Program Files (x86)\CTEX\MiKTeX\tex\latex\geometry\geometry.cfg"))
("C:\Program Files (x86)\CTEX\MiKTeX\tex\latex\base\size11.clo"
File: size11.clo 2007/10/19 v1.4h Standard LaTeX file (size option)
)
("C:\Program Files (x86)\CTEX\MiKTeX\tex\latex\pgf\basiclayer\pgfcore.sty"
("C:\Program Files (x86)\CTEX\MiKTeX\tex\latex\graphics\graphicx.sty"
Package: graphicx 1999/02/16 v1.0f Enhanced LaTeX Graphics (DPC,SPQR)

("C:\Program Files (x86)\CTEX\MiKTeX\tex\latex\graphics\graphics.sty"
Package: graphics 2009/02/05 v1.0o Standard LaTeX Graphics (DPC,SPQR)

("C:\Program Files (x86)\CTEX\MiKTeX\tex\latex\graphics\trig.sty"
Package: trig 1999/03/16 v1.09 sin cos tan (DPC)
)
("C:\Program Files (x86)\CTEX\MiKTeX\tex\latex\00miktex\graphics.cfg"
File: graphics.cfg 2007/01/18 v1.5 graphics configuration of teTeX/TeXLive
)
Package graphics Info: Driver file: pdftex.def on input line 91.

("C:\Program Files (x86)\CTEX\MiKTeX\tex\latex\pdftex-def\pdftex.def"
File: pdftex.def 2011/05/27 v0.06d Graphics/color for pdfTeX

("C:\Program Files (x86)\CTEX\MiKTeX\tex\generic\oberdiek\infwarerr.sty"
Package: infwarerr 2010/04/08 v1.3 Providing info/warning/message (HO)
)
("C:\Program Files (x86)\CTEX\MiKTeX\tex\generic\oberdiek\ltxcmds.sty"
Package: ltxcmds 2011/04/18 v1.20 LaTeX kernel commands for general use (HO)
)
\Gread@gobject=\count105
))
\Gin@req@height=\dimen127
\Gin@req@width=\dimen128
)
("C:\Program Files (x86)\CTEX\MiKTeX\tex\latex\pgf\systemlayer\pgfsys.sty"
("C:\Program Files (x86)\CTEX\MiKTeX\tex\latex\pgf\utilities\pgfrcs.sty"
("C:\Program Files (x86)\CTEX\MiKTeX\tex\generic\pgf\utilities\pgfutil-common.t
ex"
\pgfutil@everybye=\toks16
)
("C:\Program Files (x86)\CTEX\MiKTeX\tex\generic\pgf\utilities\pgfutil-latex.de
f"
\pgfutil@abb=\box34
 ("C:\Program Files (x86)\CTEX\MiKTeX\tex\latex\ms\everyshi.sty"
Package: everyshi 2001/05/15 v3.00 EveryShipout Package (MS)
))
("C:\Program Files (x86)\CTEX\MiKTeX\tex\generic\pgf\utilities\pgfrcs.code.tex"
Package: pgfrcs 2010/10/25 v2.10 (rcs-revision 1.24)
))
("C:\Program Files (x86)\CTEX\MiKTeX\tex\generic\pgf\systemlayer\pgfsys.code.te
x"
Package: pgfsys 2010/06/30 v2.10 (rcs-revision 1.37)

("C:\Program Files (x86)\CTEX\MiKTeX\tex\generic\pgf\utilities\pgfkeys.code.tex
"
\pgfkeys@pathtoks=\toks17
\pgfkeys@temptoks=\toks18

("C:\Program Files (x86)\CTEX\MiKTeX\tex\generic\pgf\utilities\pgfkeysfiltered.
code.tex"
\pgfkeys@tmptoks=\toks19
))
\pgf@x=\dimen129
\pgf@y=\dimen130
\pgf@xa=\dimen131
\pgf@ya=\dimen132
\pgf@xb=\dimen133
\pgf@yb=\dimen134
\pgf@xc=\dimen135
\pgf@yc=\dimen136
\w@pgf@writea=\write3
\r@pgf@reada=\read1
\c@pgf@counta=\count106
\c@pgf@countb=\count107
\c@pgf@countc=\count108
\c@pgf@countd=\count109

("C:\Program Files (x86)\CTEX\MiKTeX\tex\generic\pgf\systemlayer\pgf.cfg"
File: pgf.cfg 2008/05/14  (rcs-revision 1.7)
)
Package pgfsys Info: Driver file for pgf: pgfsys-pdftex.def on input line 900.

("C:\Program Files (x86)\CTEX\MiKTeX\tex\generic\pgf\systemlayer\pgfsys-pdftex.
def"
File: pgfsys-pdftex.def 2009/05/22  (rcs-revision 1.26)

("C:\Program Files (x86)\CTEX\MiKTeX\tex\generic\pgf\systemlayer\pgfsys-common-
pdf.def"
File: pgfsys-common-pdf.def 2008/05/19  (rcs-revision 1.10)
)))
("C:\Program Files (x86)\CTEX\MiKTeX\tex\generic\pgf\systemlayer\pgfsyssoftpath
.code.tex"
File: pgfsyssoftpath.code.tex 2008/07/18  (rcs-revision 1.7)
\pgfsyssoftpath@smallbuffer@items=\count110
\pgfsyssoftpath@bigbuffer@items=\count111
)
("C:\Program Files (x86)\CTEX\MiKTeX\tex\generic\pgf\systemlayer\pgfsysprotocol
.code.tex"
File: pgfsysprotocol.code.tex 2006/10/16  (rcs-revision 1.4)
)) ("C:\Program Files (x86)\CTEX\MiKTeX\tex\latex\xcolor\xcolor.sty"
Package: xcolor 2007/01/21 v2.11 LaTeX color extensions (UK)

("C:\Program Files (x86)\CTEX\MiKTeX\tex\latex\00miktex\color.cfg"
File: color.cfg 2007/01/18 v1.5 color configuration of teTeX/TeXLive
)
Package xcolor Info: Driver file: pdftex.def on input line 225.
Package xcolor Info: Model `cmy' substituted by `cmy0' on input line 1337.
Package xcolor Info: Model `hsb' substituted by `rgb' on input line 1341.
Package xcolor Info: Model `RGB' extended on input line 1353.
Package xcolor Info: Model `HTML' substituted by `rgb' on input line 1355.
Package xcolor Info: Model `Hsb' substituted by `hsb' on input line 1356.
Package xcolor Info: Model `tHsb' substituted by `hsb' on input line 1357.
Package xcolor Info: Model `HSB' substituted by `hsb' on input line 1358.
Package xcolor Info: Model `Gray' substituted by `gray' on input line 1359.
Package xcolor Info: Model `wave' substituted by `hsb' on input line 1360.
)
("C:\Program Files (x86)\CTEX\MiKTeX\tex\generic\pgf\basiclayer\pgfcore.code.te
x"
Package: pgfcore 2010/04/11 v2.10 (rcs-revision 1.7)
 ("C:\Program Files (x86)\CTEX\MiKTeX\tex\generic\pgf\math\pgfmath.code.tex"
("C:\Program Files (x86)\CTEX\MiKTeX\tex\generic\pgf\math\pgfmathcalc.code.tex"
("C:\Program Files (x86)\CTEX\MiKTeX\tex\generic\pgf\math\pgfmathutil.code.tex"
)
("C:\Program Files (x86)\CTEX\MiKTeX\tex\generic\pgf\math\pgfmathparser.code.te
x"
\pgfmath@dimen=\dimen137
\pgfmath@count=\count112
\pgfmath@box=\box35
\pgfmath@toks=\toks20
\pgfmath@stack@operand=\toks21
\pgfmath@stack@operation=\toks22
)
("C:\Program Files (x86)\CTEX\MiKTeX\tex\generic\pgf\math\pgfmathfunctions.code
.tex"
("C:\Program Files (x86)\CTEX\MiKTeX\tex\generic\pgf\math\pgfmathfunctions.basi
c.code.tex")
("C:\Program Files (x86)\CTEX\MiKTeX\tex\generic\pgf\math\pgfmathfunctions.trig
onometric.code.tex")
("C:\Program Files (x86)\CTEX\MiKTeX\tex\generic\pgf\math\pgfmathfunctions.rand
om.code.tex")
("C:\Program Files (x86)\CTEX\MiKTeX\tex\generic\pgf\math\pgfmathfunctions.comp
arison.code.tex")
("C:\Program Files (x86)\CTEX\MiKTeX\tex\generic\pgf\math\pgfmathfunctions.base
.code.tex")
("C:\Program Files (x86)\CTEX\MiKTeX\tex\generic\pgf\math\pgfmathfunctions.roun
d.code.tex")
("C:\Program Files (x86)\CTEX\MiKTeX\tex\generic\pgf\math\pgfmathfunctions.misc
.code.tex")))
("C:\Program Files (x86)\CTEX\MiKTeX\tex\generic\pgf\math\pgfmathfloat.code.tex
"
\c@pgfmathroundto@lastzeros=\count113
))
("C:\Program Files (x86)\CTEX\MiKTeX\tex\generic\pgf\basiclayer\pgfcorepoints.c
ode.tex"
File: pgfcorepoints.code.tex 2010/04/09  (rcs-revision 1.20)
\pgf@picminx=\dimen138
\pgf@picmaxx=\dimen139
\pgf@picminy=\dimen140
\pgf@picmaxy=\dimen141
\pgf@pathminx=\dimen142
\pgf@pathmaxx=\dimen143
\pgf@pathminy=\dimen144
\pgf@pathmaxy=\dimen145
\pgf@xx=\dimen146
\pgf@xy=\dimen147
\pgf@yx=\dimen148
\pgf@yy=\dimen149
\pgf@zx=\dimen150
\pgf@zy=\dimen151
)
("C:\Program Files (x86)\CTEX\MiKTeX\tex\generic\pgf\basiclayer\pgfcorepathcons
truct.code.tex"
File: pgfcorepathconstruct.code.tex 2010/08/03  (rcs-revision 1.24)
\pgf@path@lastx=\dimen152
\pgf@path@lasty=\dimen153
)
("C:\Program Files (x86)\CTEX\MiKTeX\tex\generic\pgf\basiclayer\pgfcorepathusag
e.code.tex"
File: pgfcorepathusage.code.tex 2008/04/22  (rcs-revision 1.12)
\pgf@shorten@end@additional=\dimen154
\pgf@shorten@start@additional=\dimen155
)
("C:\Program Files (x86)\CTEX\MiKTeX\tex\generic\pgf\basiclayer\pgfcorescopes.c
ode.tex"
File: pgfcorescopes.code.tex 2010/09/08  (rcs-revision 1.34)
\pgfpic=\box36
\pgf@hbox=\box37
\pgf@layerbox@main=\box38
\pgf@picture@serial@count=\count114
)
("C:\Program Files (x86)\CTEX\MiKTeX\tex\generic\pgf\basiclayer\pgfcoregraphics
tate.code.tex"
File: pgfcoregraphicstate.code.tex 2008/04/22  (rcs-revision 1.9)
\pgflinewidth=\dimen156
)
("C:\Program Files (x86)\CTEX\MiKTeX\tex\generic\pgf\basiclayer\pgfcoretransfor
mations.code.tex"
File: pgfcoretransformations.code.tex 2009/06/10  (rcs-revision 1.11)
\pgf@pt@x=\dimen157
\pgf@pt@y=\dimen158
\pgf@pt@temp=\dimen159
)
("C:\Program Files (x86)\CTEX\MiKTeX\tex\generic\pgf\basiclayer\pgfcorequick.co
de.tex"
File: pgfcorequick.code.tex 2008/10/09  (rcs-revision 1.3)
)
("C:\Program Files (x86)\CTEX\MiKTeX\tex\generic\pgf\basiclayer\pgfcoreobjects.
code.tex"
File: pgfcoreobjects.code.tex 2006/10/11  (rcs-revision 1.2)
)
("C:\Program Files (x86)\CTEX\MiKTeX\tex\generic\pgf\basiclayer\pgfcorepathproc
essing.code.tex"
File: pgfcorepathprocessing.code.tex 2008/10/09  (rcs-revision 1.8)
)
("C:\Program Files (x86)\CTEX\MiKTeX\tex\generic\pgf\basiclayer\pgfcorearrows.c
ode.tex"
File: pgfcorearrows.code.tex 2008/04/23  (rcs-revision 1.11)
)
("C:\Program Files (x86)\CTEX\MiKTeX\tex\generic\pgf\basiclayer\pgfcoreshade.co
de.tex"
File: pgfcoreshade.code.tex 2008/11/23  (rcs-revision 1.13)
\pgf@max=\dimen160
\pgf@sys@shading@range@num=\count115
)
("C:\Program Files (x86)\CTEX\MiKTeX\tex\generic\pgf\basiclayer\pgfcoreimage.co
de.tex"
File: pgfcoreimage.code.tex 2010/03/25  (rcs-revision 1.16)

("C:\Program Files (x86)\CTEX\MiKTeX\tex\generic\pgf\basiclayer\pgfcoreexternal
.code.tex"
File: pgfcoreexternal.code.tex 2010/09/01  (rcs-revision 1.17)
\pgfexternal@startupbox=\box39
))
("C:\Program Files (x86)\CTEX\MiKTeX\tex\generic\pgf\basiclayer\pgfcorelayers.c
ode.tex"
File: pgfcorelayers.code.tex 2010/08/27  (rcs-revision 1.2)
)
("C:\Program Files (x86)\CTEX\MiKTeX\tex\generic\pgf\basiclayer\pgfcoretranspar
ency.code.tex"
File: pgfcoretransparency.code.tex 2008/01/17  (rcs-revision 1.2)
)
("C:\Program Files (x86)\CTEX\MiKTeX\tex\generic\pgf\basiclayer\pgfcorepatterns
.code.tex"
File: pgfcorepatterns.code.tex 2009/07/02  (rcs-revision 1.3)
)))
("C:\Program Files (x86)\CTEX\MiKTeX\tex\latex\pgf\utilities\xxcolor.sty"
Package: xxcolor 2003/10/24 ver 0.1
\XC@nummixins=\count116
\XC@countmixins=\count117
)
("C:\Program Files (x86)\CTEX\MiKTeX\tex\latex\hyperref\hyperref.sty"
Package: hyperref 2012/02/06 v6.82o Hypertext links for LaTeX

("C:\Program Files (x86)\CTEX\MiKTeX\tex\generic\oberdiek\hobsub-hyperref.sty"
Package: hobsub-hyperref 2011/04/23 v1.4 Bundle oberdiek, subset hyperref (HO)

("C:\Program Files (x86)\CTEX\MiKTeX\tex\generic\oberdiek\hobsub-generic.sty"
Package: hobsub-generic 2011/04/23 v1.4 Bundle oberdiek, subset generic (HO)
Package: hobsub 2011/04/23 v1.4 Subsetting bundle oberdiek (HO)
Package hobsub Info: Skipping package `infwarerr' (already loaded).
Package hobsub Info: Skipping package `ltxcmds' (already loaded).
Package: ifluatex 2010/03/01 v1.3 Provides the ifluatex switch (HO)
Package ifluatex Info: LuaTeX not detected.
Package hobsub Info: Skipping package `ifvtex' (already loaded).
Package: intcalc 2007/09/27 v1.1 Expandable integer calculations (HO)
Package hobsub Info: Skipping package `ifpdf' (already loaded).
Package: etexcmds 2011/02/16 v1.5 Prefix for e-TeX command names (HO)
Package etexcmds Info: Could not find \expanded.
(etexcmds)             That can mean that you are not using pdfTeX 1.50 or
(etexcmds)             that some package has redefined \expanded.
(etexcmds)             In the latter case, load this package earlier.
Package: kvsetkeys 2011/04/07 v1.13 Key value parser (HO)
Package: kvdefinekeys 2011/04/07 v1.3 Defining keys (HO)
Package: pdftexcmds 2011/04/22 v0.16 Utilities of pdfTeX for LuaTeX (HO)
Package pdftexcmds Info: LuaTeX not detected.
Package pdftexcmds Info: \pdf@primitive is available.
Package pdftexcmds Info: \pdf@ifprimitive is available.
Package pdftexcmds Info: \pdfdraftmode found.
Package: pdfescape 2011/04/04 v1.12 Provides string conversions (HO)
Package: bigintcalc 2011/01/30 v1.2 Expandable big integer calculations (HO)
Package: bitset 2011/01/30 v1.1 Data type bit set (HO)
Package: uniquecounter 2011/01/30 v1.2 Provides unlimited unique counter (HO)
)
Package hobsub Info: Skipping package `hobsub' (already loaded).
Package: letltxmacro 2010/09/02 v1.4 Let assignment for LaTeX macros (HO)
Package: hopatch 2011/01/30 v1.0 Wrapper for package hooks (HO)
Package: xcolor-patch 2011/01/30 xcolor patch
Package: atveryend 2011/04/23 v1.7 Hooks at very end of document (HO)
Package: atbegshi 2011/01/30 v1.15 At begin shipout hook (HO)
Package: refcount 2010/12/01 v3.2 Data extraction from references (HO)
Package: hycolor 2011/01/30 v1.7 Color options of hyperref/bookmark (HO)
) ("C:\Program Files (x86)\CTEX\MiKTeX\tex\latex\oberdiek\kvoptions.sty"
Package: kvoptions 2010/12/23 v3.10 Keyval support for LaTeX options (HO)
)
\@linkdim=\dimen161
\Hy@linkcounter=\count118
\Hy@pagecounter=\count119

("C:\Program Files (x86)\CTEX\MiKTeX\tex\latex\hyperref\pd1enc.def"
File: pd1enc.def 2012/02/06 v6.82o Hyperref: PDFDocEncoding definition (HO)
)
\Hy@SavedSpaceFactor=\count120

("C:\Program Files (x86)\CTEX\MiKTeX\tex\latex\00miktex\hyperref.cfg"
File: hyperref.cfg 2002/06/06 v1.2 hyperref configuration of TeXLive
)
Package hyperref Info: Option `bookmarks' set `true' on input line 3925.
Package hyperref Info: Option `bookmarksopen' set `true' on input line 3925.
Package hyperref Info: Option `bookmarks' set `false' on input line 3925.
Package hyperref Info: Option `CJKbookmarks' set `false' on input line 3925.
Package hyperref Info: Option `implicit' set `false' on input line 3925.
Package hyperref Info: Hyper figures OFF on input line 4046.
Package hyperref Info: Link nesting OFF on input line 4051.
Package hyperref Info: Hyper index ON on input line 4054.
Package hyperref Info: Plain pages OFF on input line 4061.
Package hyperref Info: Backreferencing OFF on input line 4066.
Package hyperref Info: Implicit mode OFF; no redefinition of LaTeX internals.
Package hyperref Info: Bookmarks OFF on input line 4290.
\c@Hy@tempcnt=\count121

("C:\Program Files (x86)\CTEX\MiKTeX\tex\latex\ltxmisc\url.sty"
\Urlmuskip=\muskip10
Package: url 2006/04/12  ver 3.3  Verb mode for urls, etc.
)
LaTeX Info: Redefining \url on input line 4637.
\Fld@menulength=\count122
\Field@Width=\dimen162
\Fld@charsize=\dimen163
Package hyperref Info: Hyper figures OFF on input line 5757.
Package hyperref Info: Link nesting OFF on input line 5762.
Package hyperref Info: Hyper index ON on input line 5765.
Package hyperref Info: backreferencing OFF on input line 5772.
Package hyperref Info: Link coloring OFF on input line 5777.
Package hyperref Info: Link coloring with OCG OFF on input line 5782.
Package hyperref Info: PDF/A mode OFF on input line 5787.
LaTeX Info: Redefining \ref on input line 5827.
LaTeX Info: Redefining \pageref on input line 5831.
\Hy@abspage=\count123


Package hyperref Message: Stopped early.

)

Package hyperref Message: Driver (autodetected): hpdftex.

("C:\Program Files (x86)\CTEX\MiKTeX\tex\latex\hyperref\hpdftex.def"
File: hpdftex.def 2012/02/06 v6.82o Hyperref driver for pdfTeX
\Fld@listcount=\count124
\c@bookmark@seq@number=\count125

("C:\Program Files (x86)\CTEX\MiKTeX\tex\latex\oberdiek\rerunfilecheck.sty"
Package: rerunfilecheck 2011/04/15 v1.7 Rerun checks for auxiliary files (HO)
Package uniquecounter Info: New unique counter `rerunfilecheck' on input line 2
82.
))
Package hyperref Info: Option `CJKbookmarks' set `true' on input line 365.

("C:\Program Files (x86)\CTEX\MiKTeX\tex\latex\beamer\base\beamerbaserequires.s
ty"
Package: beamerbaserequires 2010/05/01  (rcs-revision efa082c6111d)

("C:\Program Files (x86)\CTEX\MiKTeX\tex\latex\beamer\base\beamerbasecompatibil
ity.sty"
Package: beamerbasecompatibility 2011/09/24  (rcs-revision 17e820568435)
)
("C:\Program Files (x86)\CTEX\MiKTeX\tex\latex\beamer\base\beamerbasefont.sty"
Package: beamerbasefont 2010/10/26  (rcs-revision f39336aafb3c)

("C:\Program Files (x86)\CTEX\MiKTeX\tex\latex\amsfonts\amssymb.sty"
Package: amssymb 2009/06/22 v3.00

("C:\Program Files (x86)\CTEX\MiKTeX\tex\latex\amsfonts\amsfonts.sty"
Package: amsfonts 2009/06/22 v3.00 Basic AMSFonts support
\@emptytoks=\toks23
\symAMSa=\mathgroup4
\symAMSb=\mathgroup5
LaTeX Font Info:    Overwriting math alphabet `\mathfrak' in version `bold'
(Font)                  U/euf/m/n --> U/euf/b/n on input line 96.
)))
("C:\Program Files (x86)\CTEX\MiKTeX\tex\latex\beamer\base\beamerbasetranslator
.sty"
Package: beamerbasetranslator 2010/06/11  (rcs-revision 85fd1cc7fc42)

("C:\Program Files (x86)\CTEX\MiKTeX\tex\latex\beamer\base\translator\translato
r.sty"
Package: translator 2010/06/12 ver 1.10

("C:\Program Files (x86)\CTEX\MiKTeX\tex\latex\beamer\base\translator\translato
r-language-mappings.tex")))
("C:\Program Files (x86)\CTEX\MiKTeX\tex\latex\beamer\base\beamerbasemisc.sty"
Package: beamerbasemisc 2012/02/24  (rcs-revision 2ff5461be705)
)
("C:\Program Files (x86)\CTEX\MiKTeX\tex\latex\beamer\base\beamerbasetwoscreens
.sty"
Package: beamerbasetwoscreens 2010/05/01  (rcs-revision efa082c6111d)
)
("C:\Program Files (x86)\CTEX\MiKTeX\tex\latex\beamer\base\beamerbaseoverlay.st
y"
Package: beamerbaseoverlay 2012/02/22  (rcs-revision 1e3e174835fb)
\beamer@argscount=\count126
\beamer@lastskipcover=\skip44
\beamer@trivlistdepth=\count127
)
("C:\Program Files (x86)\CTEX\MiKTeX\tex\latex\beamer\base\beamerbasetitle.sty"
Package: beamerbasetitle 2010/09/21  (rcs-revision f0446ed0b6ae)
)
("C:\Program Files (x86)\CTEX\MiKTeX\tex\latex\beamer\base\beamerbasesection.st
y"
Package: beamerbasesection 2012/02/22  (rcs-revision 9a2581f9efb6)
\c@lecture=\count128
\c@part=\count129
\c@section=\count130
\c@subsection=\count131
\c@subsubsection=\count132
)
("C:\Program Files (x86)\CTEX\MiKTeX\tex\latex\beamer\base\beamerbaseframe.sty"
Package: beamerbaseframe 2011/09/12  (rcs-revision 70f9d8411e54)
\beamer@framebox=\box40
\beamer@frametitlebox=\box41
\beamer@zoombox=\box42
\beamer@zoomcount=\count133
\beamer@zoomframecount=\count134
\beamer@frametextheight=\dimen164
\c@subsectionslide=\count135
\beamer@frametopskip=\skip45
\beamer@framebottomskip=\skip46
\beamer@frametopskipautobreak=\skip47
\beamer@framebottomskipautobreak=\skip48
\beamer@envbody=\toks24
\c@framenumber=\count136
)
("C:\Program Files (x86)\CTEX\MiKTeX\tex\latex\beamer\base\beamerbaseverbatim.s
ty"
Package: beamerbaseverbatim 2011/09/12  (rcs-revision 70f9d8411e54)
\beamer@verbatimfileout=\write4
)
("C:\Program Files (x86)\CTEX\MiKTeX\tex\latex\beamer\base\beamerbaseframesize.
sty"
Package: beamerbaseframesize 2011/09/12  (rcs-revision 70f9d8411e54)
\beamer@splitbox=\box43
\beamer@autobreakcount=\count137
\beamer@autobreaklastheight=\dimen165
\beamer@frametitletoks=\toks25
\beamer@framesubtitletoks=\toks26
)
("C:\Program Files (x86)\CTEX\MiKTeX\tex\latex\beamer\base\beamerbaseframecompo
nents.sty"
Package: beamerbaseframecomponents 2011/09/12  (rcs-revision 70f9d8411e54)
\beamer@footins=\box44
)
("C:\Program Files (x86)\CTEX\MiKTeX\tex\latex\beamer\base\beamerbasecolor.sty"
Package: beamerbasecolor 2010/06/06  (rcs-revision d1a9b48be06d)
) ("C:\Program Files (x86)\CTEX\MiKTeX\tex\latex\beamer\base\beamerbasenotes.st
y"
Package: beamerbasenotes 2010/05/01  (rcs-revision efa082c6111d)
\beamer@frameboxcopy=\box45
) ("C:\Program Files (x86)\CTEX\MiKTeX\tex\latex\beamer\base\beamerbasetoc.sty"
Package: beamerbasetoc 2012/02/28  (rcs-revision 138681b92320)
)
("C:\Program Files (x86)\CTEX\MiKTeX\tex\latex\beamer\base\beamerbasetemplates.
sty"
Package: beamerbasetemplates 2010/05/01  (rcs-revision efa082c6111d)
\beamer@sbttoks=\toks27

("C:\Program Files (x86)\CTEX\MiKTeX\tex\latex\beamer\base\beamerbaseauxtemplat
es.sty"
Package: beamerbaseauxtemplates 2010/05/01  (rcs-revision efa082c6111d)

("C:\Program Files (x86)\CTEX\MiKTeX\tex\latex\beamer\base\beamerbaseboxes.sty"
Package: beamerbaseboxes 2010/05/01  (rcs-revision efa082c6111d)
\bmb@box=\box46
\bmb@colorbox=\box47
\bmb@boxshadow=\box48
\bmb@boxshadowball=\box49
\bmb@boxshadowballlarge=\box50
\bmb@temp=\dimen166
\bmb@dima=\dimen167
\bmb@dimb=\dimen168
\bmb@prevheight=\dimen169
)
\beamer@blockheadheight=\dimen170
))
("C:\Program Files (x86)\CTEX\MiKTeX\tex\latex\beamer\base\beamerbaselocalstruc
ture.sty"
Package: beamerbaselocalstructure 2012/02/22  (rcs-revision 2ae76965ffee)
 ("C:\Program Files (x86)\CTEX\MiKTeX\tex\latex\tools\enumerate.sty"
Package: enumerate 1999/03/05 v3.00 enumerate extensions (DPC)
\@enLab=\toks28
)
\c@figure=\count138
\c@table=\count139
\abovecaptionskip=\skip49
\belowcaptionskip=\skip50
)
("C:\Program Files (x86)\CTEX\MiKTeX\tex\latex\beamer\base\beamerbasenavigation
.sty"
Package: beamerbasenavigation 2010/05/01  (rcs-revision efa082c6111d)
)
("C:\Program Files (x86)\CTEX\MiKTeX\tex\latex\beamer\base\beamerbasetheorems.s
ty"
Package: beamerbasetheorems 2010/06/06  (rcs-revision 7e7cc5e53e9d)
 ("C:\Program Files (x86)\CTEX\MiKTeX\tex\latex\ams\math\amsmath.sty"
Package: amsmath 2000/07/18 v2.13 AMS math features
\@mathmargin=\skip51

For additional information on amsmath, use the `?' option.
("C:\Program Files (x86)\CTEX\MiKTeX\tex\latex\ams\math\amstext.sty"
Package: amstext 2000/06/29 v2.01

("C:\Program Files (x86)\CTEX\MiKTeX\tex\latex\ams\math\amsgen.sty"
File: amsgen.sty 1999/11/30 v2.0
\@emptytoks=\toks29
\ex@=\dimen171
))
("C:\Program Files (x86)\CTEX\MiKTeX\tex\latex\ams\math\amsbsy.sty"
Package: amsbsy 1999/11/29 v1.2d
\pmbraise@=\dimen172
)
("C:\Program Files (x86)\CTEX\MiKTeX\tex\latex\ams\math\amsopn.sty"
Package: amsopn 1999/12/14 v2.01 operator names
)
\inf@bad=\count140
LaTeX Info: Redefining \frac on input line 211.
\uproot@=\count141
\leftroot@=\count142
LaTeX Info: Redefining \overline on input line 307.
\classnum@=\count143
\DOTSCASE@=\count144
LaTeX Info: Redefining \ldots on input line 379.
LaTeX Info: Redefining \dots on input line 382.
LaTeX Info: Redefining \cdots on input line 467.
\Mathstrutbox@=\box51
\strutbox@=\box52
\big@size=\dimen173
LaTeX Font Info:    Redeclaring font encoding OML on input line 567.
LaTeX Font Info:    Redeclaring font encoding OMS on input line 568.
\macc@depth=\count145
\c@MaxMatrixCols=\count146
\dotsspace@=\muskip11
\c@parentequation=\count147
\dspbrk@lvl=\count148
\tag@help=\toks30
\row@=\count149
\column@=\count150
\maxfields@=\count151
\andhelp@=\toks31
\eqnshift@=\dimen174
\alignsep@=\dimen175
\tagshift@=\dimen176
\tagwidth@=\dimen177
\totwidth@=\dimen178
\lineht@=\dimen179
\@envbody=\toks32
\multlinegap=\skip52
\multlinetaggap=\skip53
\mathdisplay@stack=\toks33
LaTeX Info: Redefining \[ on input line 2666.
LaTeX Info: Redefining \] on input line 2667.
)
("C:\Program Files (x86)\CTEX\MiKTeX\tex\latex\ams\classes\amsthm.sty"
Package: amsthm 2004/08/06 v2.20
\thm@style=\toks34
\thm@bodyfont=\toks35
\thm@headfont=\toks36
\thm@notefont=\toks37
\thm@headpunct=\toks38
\thm@preskip=\skip54
\thm@postskip=\skip55
\thm@headsep=\skip56
\dth@everypar=\toks39
)
\c@theorem=\count152
)
("C:\Program Files (x86)\CTEX\MiKTeX\tex\latex\beamer\base\beamerbasethemes.sty
"
Package: beamerbasethemes 2010/05/01  (rcs-revision efa082c6111d)
))
("C:\Program Files (x86)\CTEX\MiKTeX\tex\latex\beamer\base\themes\theme\beamert
hemedefault.sty"
Package: beamerthemedefault 2010/06/17  (rcs-revision d02a7cf4d8ae)

("C:\Program Files (x86)\CTEX\MiKTeX\tex\latex\beamer\base\themes\font\beamerfo
ntthemedefault.sty"
Package: beamerfontthemedefault 2010/06/17  (rcs-revision d02a7cf4d8ae)
)
("C:\Program Files (x86)\CTEX\MiKTeX\tex\latex\beamer\base\themes\color\beamerc
olorthemedefault.sty"
Package: beamercolorthemedefault 2010/06/17  (rcs-revision d02a7cf4d8ae)
)
("C:\Program Files (x86)\CTEX\MiKTeX\tex\latex\beamer\base\themes\inner\beameri
nnerthemedefault.sty"
Package: beamerinnerthemedefault 2010/06/17  (rcs-revision d02a7cf4d8ae)
\beamer@dima=\dimen180
\beamer@dimb=\dimen181
)
("C:\Program Files (x86)\CTEX\MiKTeX\tex\latex\beamer\base\themes\outer\beamero
uterthemedefault.sty"
Package: beamerouterthemedefault 2010/06/17  (rcs-revision d02a7cf4d8ae)
)))
("C:\Program Files (x86)\CTEX\MiKTeX\tex\latex\cjk\CJK.sty"
Package: CJK 2008/12/29 4.8.2

("C:\Program Files (x86)\CTEX\MiKTeX\tex\latex\cjk\mule\MULEenc.sty"
Package: MULEenc 2008/12/29 4.8.2
)
("C:\Program Files (x86)\CTEX\MiKTeX\tex\latex\cjk\CJK.enc"
File: CJK.enc 2008/12/29 4.8.2
)
LaTeX Info: Redefining \selectfont on input line 756.
\CJK@indent=\box53
)
("C:\Program Files (x86)\CTEX\MiKTeX\tex\generic\babel\babel.sty"
Package: babel 2008/07/08 v3.8m The Babel package

*************************************
* Local config file bblopts.cfg used
*
("C:\Program Files (x86)\CTEX\MiKTeX\tex\latex\00miktex\bblopts.cfg"
File: bblopts.cfg 2006/07/31 v1.0 MiKTeX 'babel' configuration
)
("C:\Program Files (x86)\CTEX\MiKTeX\tex\generic\babel\english.ldf"
Language: english 2005/03/30 v3.3o English support from the babel system

("C:\Program Files (x86)\CTEX\MiKTeX\tex\generic\babel\babel.def"
File: babel.def 2008/07/08 v3.8m Babel common definitions
LaTeX Info: Redefining \textlatin on input line 82.
\babel@savecnt=\count153
\U@D=\dimen182
)
\l@british = a dialect from \language0
\l@UKenglish = a dialect from \language0
\l@american = a dialect from \language0
\l@canadian = a dialect from \language\l@american 
\l@australian = a dialect from \language\l@british 
\l@newzealand = a dialect from \language\l@british 
))
("C:\Program Files (x86)\CTEX\MiKTeX\tex\latex\base\inputenc.sty"
Package: inputenc 2008/03/30 v1.1d Input encoding file
\inpenc@prehook=\toks40
\inpenc@posthook=\toks41

("C:\Program Files (x86)\CTEX\MiKTeX\tex\latex\base\utf8.def"
File: utf8.def 2008/04/05 v1.1m UTF-8 support for inputenc
Now handling font encoding OML ...
... no UTF-8 mapping file for font encoding OML
Now handling font encoding T1 ...
... processing UTF-8 mapping file for font encoding T1

("C:\Program Files (x86)\CTEX\MiKTeX\tex\latex\base\t1enc.dfu"
File: t1enc.dfu 2008/04/05 v1.1m UTF-8 support for inputenc
   defining Unicode char U+00A1 (decimal 161)
   defining Unicode char U+00A3 (decimal 163)
   defining Unicode char U+00AB (decimal 171)
   defining Unicode char U+00BB (decimal 187)
   defining Unicode char U+00BF (decimal 191)
   defining Unicode char U+00C0 (decimal 192)
   defining Unicode char U+00C1 (decimal 193)
   defining Unicode char U+00C2 (decimal 194)
   defining Unicode char U+00C3 (decimal 195)
   defining Unicode char U+00C4 (decimal 196)
   defining Unicode char U+00C5 (decimal 197)
   defining Unicode char U+00C6 (decimal 198)
   defining Unicode char U+00C7 (decimal 199)
   defining Unicode char U+00C8 (decimal 200)
   defining Unicode char U+00C9 (decimal 201)
   defining Unicode char U+00CA (decimal 202)
   defining Unicode char U+00CB (decimal 203)
   defining Unicode char U+00CC (decimal 204)
   defining Unicode char U+00CD (decimal 205)
   defining Unicode char U+00CE (decimal 206)
   defining Unicode char U+00CF (decimal 207)
   defining Unicode char U+00D0 (decimal 208)
   defining Unicode char U+00D1 (decimal 209)
   defining Unicode char U+00D2 (decimal 210)
   defining Unicode char U+00D3 (decimal 211)
   defining Unicode char U+00D4 (decimal 212)
   defining Unicode char U+00D5 (decimal 213)
   defining Unicode char U+00D6 (decimal 214)
   defining Unicode char U+00D8 (decimal 216)
   defining Unicode char U+00D9 (decimal 217)
   defining Unicode char U+00DA (decimal 218)
   defining Unicode char U+00DB (decimal 219)
   defining Unicode char U+00DC (decimal 220)
   defining Unicode char U+00DD (decimal 221)
   defining Unicode char U+00DE (decimal 222)
   defining Unicode char U+00DF (decimal 223)
   defining Unicode char U+00E0 (decimal 224)
   defining Unicode char U+00E1 (decimal 225)
   defining Unicode char U+00E2 (decimal 226)
   defining Unicode char U+00E3 (decimal 227)
   defining Unicode char U+00E4 (decimal 228)
   defining Unicode char U+00E5 (decimal 229)
   defining Unicode char U+00E6 (decimal 230)
   defining Unicode char U+00E7 (decimal 231)
   defining Unicode char U+00E8 (decimal 232)
   defining Unicode char U+00E9 (decimal 233)
   defining Unicode char U+00EA (decimal 234)
   defining Unicode char U+00EB (decimal 235)
   defining Unicode char U+00EC (decimal 236)
   defining Unicode char U+00ED (decimal 237)
   defining Unicode char U+00EE (decimal 238)
   defining Unicode char U+00EF (decimal 239)
   defining Unicode char U+00F0 (decimal 240)
   defining Unicode char U+00F1 (decimal 241)
   defining Unicode char U+00F2 (decimal 242)
   defining Unicode char U+00F3 (decimal 243)
   defining Unicode char U+00F4 (decimal 244)
   defining Unicode char U+00F5 (decimal 245)
   defining Unicode char U+00F6 (decimal 246)
   defining Unicode char U+00F8 (decimal 248)
   defining Unicode char U+00F9 (decimal 249)
   defining Unicode char U+00FA (decimal 250)
   defining Unicode char U+00FB (decimal 251)
   defining Unicode char U+00FC (decimal 252)
   defining Unicode char U+00FD (decimal 253)
   defining Unicode char U+00FE (decimal 254)
   defining Unicode char U+00FF (decimal 255)
   defining Unicode char U+0102 (decimal 258)
   defining Unicode char U+0103 (decimal 259)
   defining Unicode char U+0104 (decimal 260)
   defining Unicode char U+0105 (decimal 261)
   defining Unicode char U+0106 (decimal 262)
   defining Unicode char U+0107 (decimal 263)
   defining Unicode char U+010C (decimal 268)
   defining Unicode char U+010D (decimal 269)
   defining Unicode char U+010E (decimal 270)
   defining Unicode char U+010F (decimal 271)
   defining Unicode char U+0110 (decimal 272)
   defining Unicode char U+0111 (decimal 273)
   defining Unicode char U+0118 (decimal 280)
   defining Unicode char U+0119 (decimal 281)
   defining Unicode char U+011A (decimal 282)
   defining Unicode char U+011B (decimal 283)
   defining Unicode char U+011E (decimal 286)
   defining Unicode char U+011F (decimal 287)
   defining Unicode char U+0130 (decimal 304)
   defining Unicode char U+0131 (decimal 305)
   defining Unicode char U+0132 (decimal 306)
   defining Unicode char U+0133 (decimal 307)
   defining Unicode char U+0139 (decimal 313)
   defining Unicode char U+013A (decimal 314)
   defining Unicode char U+013D (decimal 317)
   defining Unicode char U+013E (decimal 318)
   defining Unicode char U+0141 (decimal 321)
   defining Unicode char U+0142 (decimal 322)
   defining Unicode char U+0143 (decimal 323)
   defining Unicode char U+0144 (decimal 324)
   defining Unicode char U+0147 (decimal 327)
   defining Unicode char U+0148 (decimal 328)
   defining Unicode char U+014A (decimal 330)
   defining Unicode char U+014B (decimal 331)
   defining Unicode char U+0150 (decimal 336)
   defining Unicode char U+0151 (decimal 337)
   defining Unicode char U+0152 (decimal 338)
   defining Unicode char U+0153 (decimal 339)
   defining Unicode char U+0154 (decimal 340)
   defining Unicode char U+0155 (decimal 341)
   defining Unicode char U+0158 (decimal 344)
   defining Unicode char U+0159 (decimal 345)
   defining Unicode char U+015A (decimal 346)
   defining Unicode char U+015B (decimal 347)
   defining Unicode char U+015E (decimal 350)
   defining Unicode char U+015F (decimal 351)
   defining Unicode char U+0160 (decimal 352)
   defining Unicode char U+0161 (decimal 353)
   defining Unicode char U+0162 (decimal 354)
   defining Unicode char U+0163 (decimal 355)
   defining Unicode char U+0164 (decimal 356)
   defining Unicode char U+0165 (decimal 357)
   defining Unicode char U+016E (decimal 366)
   defining Unicode char U+016F (decimal 367)
   defining Unicode char U+0170 (decimal 368)
   defining Unicode char U+0171 (decimal 369)
   defining Unicode char U+0178 (decimal 376)
   defining Unicode char U+0179 (decimal 377)
   defining Unicode char U+017A (decimal 378)
   defining Unicode char U+017B (decimal 379)
   defining Unicode char U+017C (decimal 380)
   defining Unicode char U+017D (decimal 381)
   defining Unicode char U+017E (decimal 382)
   defining Unicode char U+200C (decimal 8204)
   defining Unicode char U+2013 (decimal 8211)
   defining Unicode char U+2014 (decimal 8212)
   defining Unicode char U+2018 (decimal 8216)
   defining Unicode char U+2019 (decimal 8217)
   defining Unicode char U+201A (decimal 8218)
   defining Unicode char U+201C (decimal 8220)
   defining Unicode char U+201D (decimal 8221)
   defining Unicode char U+201E (decimal 8222)
   defining Unicode char U+2030 (decimal 8240)
   defining Unicode char U+2031 (decimal 8241)
   defining Unicode char U+2039 (decimal 8249)
   defining Unicode char U+203A (decimal 8250)
   defining Unicode char U+2423 (decimal 9251)
)
Now handling font encoding OT1 ...
... processing UTF-8 mapping file for font encoding OT1

("C:\Program Files (x86)\CTEX\MiKTeX\tex\latex\base\ot1enc.dfu"
File: ot1enc.dfu 2008/04/05 v1.1m UTF-8 support for inputenc
   defining Unicode char U+00A1 (decimal 161)
   defining Unicode char U+00A3 (decimal 163)
   defining Unicode char U+00B8 (decimal 184)
   defining Unicode char U+00BF (decimal 191)
   defining Unicode char U+00C5 (decimal 197)
   defining Unicode char U+00C6 (decimal 198)
   defining Unicode char U+00D8 (decimal 216)
   defining Unicode char U+00DF (decimal 223)
   defining Unicode char U+00E6 (decimal 230)
   defining Unicode char U+00EC (decimal 236)
   defining Unicode char U+00ED (decimal 237)
   defining Unicode char U+00EE (decimal 238)
   defining Unicode char U+00EF (decimal 239)
   defining Unicode char U+00F8 (decimal 248)
   defining Unicode char U+0131 (decimal 305)
   defining Unicode char U+0141 (decimal 321)
   defining Unicode char U+0142 (decimal 322)
   defining Unicode char U+0152 (decimal 338)
   defining Unicode char U+0153 (decimal 339)
   defining Unicode char U+2013 (decimal 8211)
   defining Unicode char U+2014 (decimal 8212)
   defining Unicode char U+2018 (decimal 8216)
   defining Unicode char U+2019 (decimal 8217)
   defining Unicode char U+201C (decimal 8220)
   defining Unicode char U+201D (decimal 8221)
)
Now handling font encoding OMS ...
... processing UTF-8 mapping file for font encoding OMS

("C:\Program Files (x86)\CTEX\MiKTeX\tex\latex\base\omsenc.dfu"
File: omsenc.dfu 2008/04/05 v1.1m UTF-8 support for inputenc
   defining Unicode char U+00A7 (decimal 167)
   defining Unicode char U+00B6 (decimal 182)
   defining Unicode char U+00B7 (decimal 183)
   defining Unicode char U+2020 (decimal 8224)
   defining Unicode char U+2021 (decimal 8225)
   defining Unicode char U+2022 (decimal 8226)
)
Now handling font encoding OMX ...
... no UTF-8 mapping file for font encoding OMX
Now handling font encoding U ...
... no UTF-8 mapping file for font encoding U
Now handling font encoding PD1 ...
... no UTF-8 mapping file for font encoding PD1
Now handling font encoding C00 ...
... no UTF-8 mapping file for font encoding C00
Now handling font encoding C05 ...
... no UTF-8 mapping file for font encoding C05
Now handling font encoding C09 ...
... no UTF-8 mapping file for font encoding C09
Now handling font encoding C10 ...
... no UTF-8 mapping file for font encoding C10
Now handling font encoding C20 ...
... no UTF-8 mapping file for font encoding C20
Now handling font encoding C19 ...
... no UTF-8 mapping file for font encoding C19
Now handling font encoding C40 ...
... no UTF-8 mapping file for font encoding C40
Now handling font encoding C42 ...
... no UTF-8 mapping file for font encoding C42
Now handling font encoding C43 ...
... no UTF-8 mapping file for font encoding C43
Now handling font encoding C50 ...
... no UTF-8 mapping file for font encoding C50
Now handling font encoding C52 ...
... no UTF-8 mapping file for font encoding C52
Now handling font encoding C49 ...
... no UTF-8 mapping file for font encoding C49
Now handling font encoding C60 ...
... no UTF-8 mapping file for font encoding C60
Now handling font encoding C61 ...
... no UTF-8 mapping file for font encoding C61
Now handling font encoding C63 ...
... no UTF-8 mapping file for font encoding C63
Now handling font encoding C64 ...
... no UTF-8 mapping file for font encoding C64
Now handling font encoding C65 ...
... no UTF-8 mapping file for font encoding C65
Now handling font encoding C70 ...
... no UTF-8 mapping file for font encoding C70
Now handling font encoding C31 ...
... no UTF-8 mapping file for font encoding C31
Now handling font encoding C32 ...
... no UTF-8 mapping file for font encoding C32
Now handling font encoding C33 ...
... no UTF-8 mapping file for font encoding C33
Now handling font encoding C34 ...
... no UTF-8 mapping file for font encoding C34
Now handling font encoding C35 ...
... no UTF-8 mapping file for font encoding C35
Now handling font encoding C36 ...
... no UTF-8 mapping file for font encoding C36
Now handling font encoding C37 ...
... no UTF-8 mapping file for font encoding C37
Now handling font encoding C80 ...
... no UTF-8 mapping file for font encoding C80
Now handling font encoding C81 ...
... no UTF-8 mapping file for font encoding C81
Now handling font encoding C01 ...
... no UTF-8 mapping file for font encoding C01
Now handling font encoding C11 ...
... no UTF-8 mapping file for font encoding C11
Now handling font encoding C21 ...
... no UTF-8 mapping file for font encoding C21
Now handling font encoding C41 ...
... no UTF-8 mapping file for font encoding C41
Now handling font encoding C62 ...
... no UTF-8 mapping file for font encoding C62
   defining Unicode char U+00A9 (decimal 169)
   defining Unicode char U+00AA (decimal 170)
   defining Unicode char U+00AE (decimal 174)
   defining Unicode char U+00BA (decimal 186)
   defining Unicode char U+02C6 (decimal 710)
   defining Unicode char U+02DC (decimal 732)
   defining Unicode char U+200C (decimal 8204)
   defining Unicode char U+2026 (decimal 8230)
   defining Unicode char U+2122 (decimal 8482)
   defining Unicode char U+2423 (decimal 9251)
))
("C:\Program Files (x86)\CTEX\MiKTeX\tex\latex\setspace\setspace.sty"
Package: setspace 2011/12/19 v6.7a set line spacing
)
("C:\Program Files (x86)\CTEX\MiKTeX\tex\latex\tools\bm.sty"
Package: bm 2004/02/26 v1.1c Bold Symbol Support (DPC/FMi)
\symboldoperators=\mathgroup6
\symboldletters=\mathgroup7
\symboldsymbols=\mathgroup8
LaTeX Font Info:    Redeclaring math alphabet \mathbf on input line 138.
LaTeX Info: Redefining \bm on input line 204.
)
("C:\Program Files (x86)\CTEX\MiKTeX\tex\latex\textpos\textpos.sty"
Package: textpos 2010/09/30 v1.7g

Package: `textpos' 1.7g <2010 September 30>
\TP@textbox=\box54
\TPHorizModule=\dimen183
\TPVertModule=\dimen184
\TP@margin=\dimen185
\TP@absmargin=\dimen186
Grid set 16 x 16 = 22.7622pt x 17.07166pt
\TPboxrulesize=\dimen187
\TP@tbargs=\toks42
\TP@prevdepth=\dimen188
) ("C:\Program Files (x86)\CTEX\MiKTeX\tex\latex\algorithmicx\algpseudocode.sty
"
Package: algpseudocode 
 ("C:\Program Files (x86)\CTEX\MiKTeX\tex\latex\base\ifthen.sty"
Package: ifthen 2001/05/26 v1.1c Standard LaTeX ifthen package (DPC)
)
("C:\Program Files (x86)\CTEX\MiKTeX\tex\latex\algorithmicx\algorithmicx.sty"
Package: algorithmicx 2005/04/27 v1.2 Algorithmicx

Document Style algorithmicx 1.2 - a greatly improved `algorithmic' style
\c@ALG@line=\count154
\c@ALG@rem=\count155
\c@ALG@nested=\count156
\ALG@tlm=\skip57
\ALG@thistlm=\skip58
\c@ALG@Lnr=\count157
\c@ALG@blocknr=\count158
\c@ALG@storecount=\count159
\c@ALG@tmpcounter=\count160
\ALG@tmplength=\skip59
)
Document Style - pseudocode environments for use with the `algorithmicx' style
) ("C:\Program Files (x86)\CTEX\MiKTeX\tex\latex\algorithms\algorithm.sty"
Package: algorithm 2009/08/24 v0.1 Document Style `algorithm' - floating enviro
nment

("C:\Program Files (x86)\CTEX\MiKTeX\tex\latex\float\float.sty"
Package: float 2001/11/08 v1.3d Float enhancements (AL)
\c@float@type=\count161
\float@exts=\toks43
\float@box=\box55
\@float@everytoks=\toks44
\@floatcapt=\box56
)
\@float@every@algorithm=\toks45
\c@algorithm=\count162
)
("C:\Program Files (x86)\CTEX\MiKTeX\tex\latex\multirow\multirow.sty"
\bigstrutjot=\dimen189
)
("C:\Program Files (x86)\CTEX\MiKTeX\tex\latex\threeparttable\threeparttable.st
y"
Package: threeparttable 2003/06/13  v 3.0
\@tempboxb=\box57
) ("C:\Program Files (x86)\CTEX\MiKTeX\tex\latex\psnfss\times.sty"
Package: times 2005/04/12 PSNFSS-v9.2a (SPQR) 
)
("C:\Program Files (x86)\CTEX\MiKTeX\tex\latex\base\fontenc.sty"
Package: fontenc 2005/09/27 v1.99g Standard LaTeX package

("C:\Program Files (x86)\CTEX\MiKTeX\tex\latex\base\t1enc.def"
File: t1enc.def 2005/09/27 v1.99g Standard LaTeX file
LaTeX Font Info:    Redeclaring font encoding T1 on input line 43.
))
("C:\Program Files (x86)\CTEX\MiKTeX\tex\latex\ulem\ulem.sty"
\UL@box=\box58
\UL@hyphenbox=\box59
\UL@skip=\skip60
\UL@hook=\toks46
\UL@height=\dimen190
\UL@pe=\count163
\UL@pixel=\dimen191
\ULC@box=\box60
Package: ulem 2011/03/18
\ULdepth=\dimen192
)
("C:\Program Files (x86)\CTEX\MiKTeX\tex\latex\pgf\frontendlayer\tikz.sty"
("C:\Program Files (x86)\CTEX\MiKTeX\tex\latex\pgf\basiclayer\pgf.sty"
Package: pgf 2008/01/15 v2.10 (rcs-revision 1.12)

("C:\Program Files (x86)\CTEX\MiKTeX\tex\generic\pgf\modules\pgfmoduleshapes.co
de.tex"
File: pgfmoduleshapes.code.tex 2010/09/09  (rcs-revision 1.13)
\pgfnodeparttextbox=\box61
)
("C:\Program Files (x86)\CTEX\MiKTeX\tex\generic\pgf\modules\pgfmoduleplot.code
.tex"
File: pgfmoduleplot.code.tex 2010/10/22  (rcs-revision 1.8)
)
("C:\Program Files (x86)\CTEX\MiKTeX\tex\latex\pgf\compatibility\pgfcomp-versio
n-0-65.sty"
Package: pgfcomp-version-0-65 2007/07/03 v2.10 (rcs-revision 1.7)
\pgf@nodesepstart=\dimen193
\pgf@nodesepend=\dimen194
)
("C:\Program Files (x86)\CTEX\MiKTeX\tex\latex\pgf\compatibility\pgfcomp-versio
n-1-18.sty"
Package: pgfcomp-version-1-18 2007/07/23 v2.10 (rcs-revision 1.1)
))
("C:\Program Files (x86)\CTEX\MiKTeX\tex\latex\pgf\utilities\pgffor.sty"
("C:\Program Files (x86)\CTEX\MiKTeX\tex\latex\pgf\utilities\pgfkeys.sty"
("C:\Program Files (x86)\CTEX\MiKTeX\tex\generic\pgf\utilities\pgfkeys.code.tex
"))
("C:\Program Files (x86)\CTEX\MiKTeX\tex\generic\pgf\utilities\pgffor.code.tex"
Package: pgffor 2010/03/23 v2.10 (rcs-revision 1.18)
\pgffor@iter=\dimen195
\pgffor@skip=\dimen196
\pgffor@stack=\toks47
\pgffor@toks=\toks48
))
("C:\Program Files (x86)\CTEX\MiKTeX\tex\generic\pgf\frontendlayer\tikz\tikz.co
de.tex"
Package: tikz 2010/10/13 v2.10 (rcs-revision 1.76)

("C:\Program Files (x86)\CTEX\MiKTeX\tex\generic\pgf\libraries\pgflibraryplotha
ndlers.code.tex"
File: pgflibraryplothandlers.code.tex 2010/05/31 v2.10 (rcs-revision 1.15)
\pgf@plot@mark@count=\count164
\pgfplotmarksize=\dimen197
)
\tikz@lastx=\dimen198
\tikz@lasty=\dimen199
\tikz@lastxsaved=\dimen200
\tikz@lastysaved=\dimen201
\tikzleveldistance=\dimen202
\tikzsiblingdistance=\dimen203
\tikz@figbox=\box62
\tikz@tempbox=\box63
\tikztreelevel=\count165
\tikznumberofchildren=\count166
\tikznumberofcurrentchild=\count167
\tikz@fig@count=\count168

("C:\Program Files (x86)\CTEX\MiKTeX\tex\generic\pgf\modules\pgfmodulematrix.co
de.tex"
File: pgfmodulematrix.code.tex 2010/08/24  (rcs-revision 1.4)
\pgfmatrixcurrentrow=\count169
\pgfmatrixcurrentcolumn=\count170
\pgf@matrix@numberofcolumns=\count171
)
\tikz@expandcount=\count172

("C:\Program Files (x86)\CTEX\MiKTeX\tex\generic\pgf\frontendlayer\tikz\librari
es\tikzlibrarytopaths.code.tex"
File: tikzlibrarytopaths.code.tex 2008/06/17 v2.10 (rcs-revision 1.2)
)))
("C:\Program Files (x86)\CTEX\MiKTeX\tex\latex\sttools\stfloats.sty"
Package: stfloats 1999/10/22
\@dblbotnum=\count173
\c@dblbotnumber=\count174
)
("C:\Program Files (x86)\CTEX\MiKTeX\tex\latex\subfig\subfig.sty"
Package: subfig 2005/06/28 ver: 1.3 subfig package

("C:\Program Files (x86)\CTEX\MiKTeX\tex\latex\caption\caption3.sty"
Package: caption3 2011/11/01 v1.4a caption3 kernel (AR)
\captionmargin=\dimen204
\captionmargin@=\dimen205
\captionwidth=\dimen206
\caption@indent=\dimen207
\caption@parindent=\dimen208
\caption@hangindent=\dimen209
)
\c@KVtest=\count175
\sf@farskip=\skip61
\sf@captopadj=\dimen210
\sf@capskip=\skip62
\sf@nearskip=\skip63
\c@subfigure=\count176
\c@subfigure@save=\count177
\c@depth=\count178
\c@subtable=\count179
\c@subtable@save=\count180
\sf@top=\skip64
\sf@bottom=\skip65
)
("C:\Program Files (x86)\CTEX\MiKTeX\tex\latex\csquotes\csquotes.sty"
Package: csquotes 2011/10/22 v5.1d context-sensitive quotations

("C:\Program Files (x86)\CTEX\MiKTeX\tex\latex\etoolbox\etoolbox.sty"
Package: etoolbox 2011/01/03 v2.1 e-TeX tools for LaTeX

("C:\Program Files (x86)\CTEX\MiKTeX\tex\latex\misc\etex.sty"
Package: etex 1998/03/26 v2.0 eTeX basic definition package (PEB)
\et@xins=\count181
)
\etb@tempcnta=\count182
)
\csq@reset=\count183
\csq@gtype=\count184
\csq@glevel=\count185
\csq@qlevel=\count186
\csq@maxlvl=\count187
\csq@tshold=\count188
\csq@ltx@everypar=\toks49

("C:\Program Files (x86)\CTEX\MiKTeX\tex\latex\csquotes\csquotes.def"
File: csquotes.def 2011/10/22 v5.1d csquotes generic definitions
)
Package csquotes Info: Trying to load configuration file 'csquotes.cfg'...
Package csquotes Info: ... configuration file loaded successfully.

("C:\Program Files (x86)\CTEX\MiKTeX\tex\latex\csquotes\csquotes.cfg"
File: csquotes.cfg 
))
("C:\Program Files (x86)\CTEX\MiKTeX\tex\latex\biblatex\biblatex.sty"
Package: biblatex 2011/11/13 v1.7 programmable bibliographies

("C:\Program Files (x86)\CTEX\MiKTeX\tex\latex\logreq\logreq.sty"
Package: logreq 2010/08/04 v1.0 xml request logger
\lrq@indent=\count189

("C:\Program Files (x86)\CTEX\MiKTeX\tex\latex\logreq\logreq.def"
File: logreq.def 2010/08/04 v1.0 logreq spec v1.0
))
\c@listtotal=\count190
\c@listcount=\count191
\c@liststart=\count192
\c@liststop=\count193
\c@citecount=\count194
\c@citetotal=\count195
\c@multicitecount=\count196
\c@multicitetotal=\count197
\c@instcount=\count198
\c@maxnames=\count199
\c@minnames=\count200
\c@maxitems=\count201
\c@minitems=\count202
\c@citecounter=\count203
\c@savedcitecounter=\count204
\c@uniquelist=\count205
\c@uniquename=\count206
\c@refsection=\count207
\c@refsegment=\count208
\c@maxextrayear=\count209
\c@maxextraalpha=\count210
\c@abbrvpenalty=\count211
\c@highnamepenalty=\count212
\c@lownamepenalty=\count213
\c@maxparens=\count214
\c@parenlevel=\count215
\blx@tempcnta=\count216
\blx@tempcntb=\count217
\blx@tempcntc=\count218
\blx@maxsection=\count219
\blx@maxsegment=\count220
\blx@notetype=\count221
\blx@parenlevel@text=\count222
\blx@parenlevel@foot=\count223
\labelnumberwidth=\skip66
\labelalphawidth=\skip67
\shorthandwidth=\skip68
\biblabelsep=\skip69
\bibitemsep=\skip70
\bibnamesep=\skip71
\bibinitsep=\skip72
\bibparsep=\skip73
\bibhang=\skip74
\blx@auxin=\read2
\blx@auxout=\write5
\c@mincomprange=\count224
\c@maxcomprange=\count225
\c@mincompwidth=\count226
\c@labelname=\count227
\c@savedlabelname=\count228
\c@author=\count229
\c@savedauthor=\count230
\c@shortauthor=\count231
\c@savedshortauthor=\count232
\c@editor=\count233
Normal \count register pool exhausted, switching to extended pool.
\c@savededitor=\count277
\c@editora=\count278
\c@savededitora=\count279
\c@editorb=\count280
\c@savededitorb=\count281
\c@editorc=\count282
\c@savededitorc=\count283
\c@shorteditor=\count284
\c@savedshorteditor=\count285
\c@bookauthor=\count286
\c@savedbookauthor=\count287
\c@translator=\count288
\c@savedtranslator=\count289
\c@annotator=\count290
\c@savedannotator=\count291
\c@commentator=\count292
\c@savedcommentator=\count293
\c@introduction=\count294
\c@savedintroduction=\count295
\c@foreword=\count296
\c@savedforeword=\count297
\c@afterword=\count298
\c@savedafterword=\count299
\c@holder=\count300
\c@savedholder=\count301
\c@namea=\count302
\c@savednamea=\count303
\c@nameb=\count304
\c@savednameb=\count305
\c@namec=\count306
\c@savednamec=\count307
\c@institution=\count308
\c@savedinstitution=\count309
\c@language=\count310
\c@savedlanguage=\count311
\c@location=\count312
\c@savedlocation=\count313
\c@organization=\count314
\c@savedorganization=\count315
\c@origlocation=\count316
\c@savedoriglocation=\count317
\c@origpublisher=\count318
\c@savedorigpublisher=\count319
\c@pageref=\count320
\c@savedpageref=\count321
\c@publisher=\count322
\c@savedpublisher=\count323
\c@lista=\count324
\c@savedlista=\count325
\c@listb=\count326
\c@savedlistb=\count327
\c@listc=\count328
\c@savedlistc=\count329
\c@listd=\count330
\c@savedlistd=\count331
\c@liste=\count332
\c@savedliste=\count333
\c@listf=\count334
\c@savedlistf=\count335
Package biblatex Info: Trying to load compatibility code...
Package biblatex Info: ... file 'blx-compat.def' found.

("C:\Program Files (x86)\CTEX\MiKTeX\tex\latex\biblatex\blx-compat.def"
File: blx-compat.def 2011/11/13 v1.7 biblatex generic compatibility
)
Package biblatex Info: Trying to load generic definitions...
Package biblatex Info: ... file 'biblatex.def' found.

("C:\Program Files (x86)\CTEX\MiKTeX\tex\latex\biblatex\biblatex.def"
File: biblatex.def 2011/11/13 v1.7 biblatex generic definitions
\c@biburlnumpenalty=\count336
\c@biburlucpenalty=\count337
\c@biburllcpenalty=\count338
\c@smartand=\count339
)
Package biblatex Info: Trying to load bibliography style 'numeric-comp'...
Package biblatex Info: ... file 'numeric-comp.bbx' found.

("C:\Program Files (x86)\CTEX\MiKTeX\tex\latex\biblatex\bbx\numeric-comp.bbx"
File: numeric-comp.bbx 2011/11/13 v1.7 biblatex bibliography style
Package biblatex Info: Trying to load bibliography style 'numeric'...
Package biblatex Info: ... file 'numeric.bbx' found.

("C:\Program Files (x86)\CTEX\MiKTeX\tex\latex\biblatex\bbx\numeric.bbx"
File: numeric.bbx 2011/11/13 v1.7 biblatex bibliography style
Package biblatex Info: Trying to load bibliography style 'standard'...
Package biblatex Info: ... file 'standard.bbx' found.

("C:\Program Files (x86)\CTEX\MiKTeX\tex\latex\biblatex\bbx\standard.bbx"
File: standard.bbx 2011/11/13 v1.7 biblatex bibliography style
)))
Package biblatex Info: Trying to load citation style 'numeric-comp'...
Package biblatex Info: ... file 'numeric-comp.cbx' found.

("C:\Program Files (x86)\CTEX\MiKTeX\tex\latex\biblatex\cbx\numeric-comp.cbx"
File: numeric-comp.cbx 2011/11/13 v1.7 biblatex citation style
\c@cbx@tempcnta=\count340
\c@cbx@tempcntb=\count341
Package biblatex Info: Redefining '\cite'.
Package biblatex Info: Redefining '\parencite'.
Package biblatex Info: Redefining '\footcite'.
Package biblatex Info: Redefining '\footcitetext'.
Package biblatex Info: Redefining '\smartcite'.
Package biblatex Info: Redefining '\textcite'.
Package biblatex Info: Redefining '\supercite'.
Package biblatex Info: Redefining '\cites'.
Package biblatex Info: Redefining '\parencites'.
Package biblatex Info: Redefining '\smartcites'.
)
Package biblatex Info: Trying to load configuration file...
Package biblatex Info: ... file 'biblatex.cfg' found.

("C:\Program Files (x86)\CTEX\MiKTeX\tex\latex\biblatex\biblatex.cfg"
File: biblatex.cfg 
))
("C:\Program Files (x86)\CTEX\MiKTeX\tex\generic\pgf\frontendlayer\tikz\librari
es\tikzlibraryarrows.code.tex"
File: tikzlibraryarrows.code.tex 2008/01/09 v2.10 (rcs-revision 1.1)

("C:\Program Files (x86)\CTEX\MiKTeX\tex\generic\pgf\libraries\pgflibraryarrows
.code.tex"
File: pgflibraryarrows.code.tex 2008/10/27 v2.10 (rcs-revision 1.9)
\arrowsize=\dimen211
))
("C:\Program Files (x86)\CTEX\MiKTeX\tex\latex\beamer\base\themes\theme\beamert
hemeMadrid.sty"
Package: beamerthemeMadrid 2010/06/17  (rcs-revision d02a7cf4d8ae)

("C:\Program Files (x86)\CTEX\MiKTeX\tex\latex\beamer\base\themes\color\beamerc
olorthemewhale.sty"
Package: beamercolorthemewhale 2010/06/17  (rcs-revision d02a7cf4d8ae)
)
("C:\Program Files (x86)\CTEX\MiKTeX\tex\latex\beamer\base\themes\color\beamerc
olorthemeorchid.sty"
Package: beamercolorthemeorchid 2010/06/17  (rcs-revision d02a7cf4d8ae)
)
("C:\Program Files (x86)\CTEX\MiKTeX\tex\latex\beamer\base\themes\inner\beameri
nnerthemerounded.sty"
Package: beamerinnerthemerounded 2010/06/17  (rcs-revision d02a7cf4d8ae)
)
("C:\Program Files (x86)\CTEX\MiKTeX\tex\latex\beamer\base\themes\outer\beamero
uterthemeinfolines.sty"
Package: beamerouterthemeinfolines 2010/07/10  (rcs-revision 445340293dde)
))
Package csquotes Info: Checking for multilingual support...
Package csquotes Info: ... found 'babel' package.
Package csquotes Info: Adjusting default style.
Package csquotes Info: Redefining alias 'default' -> 'english'.
Package biblatex Info: Trying to load language 'english'...
Package biblatex Info: ... file 'english.lbx' found.

("C:\Program Files (x86)\CTEX\MiKTeX\tex\latex\biblatex\lbx\english.lbx"
File: english.lbx 2011/11/13 v1.7 biblatex localization
)
No file graduate_defense.aux.
LaTeX Font Info:    Checking defaults for OML/cmm/m/it on input line 197.
LaTeX Font Info:    ... okay on input line 197.
LaTeX Font Info:    Checking defaults for T1/cmr/m/n on input line 197.
LaTeX Font Info:    ... okay on input line 197.
LaTeX Font Info:    Checking defaults for OT1/cmr/m/n on input line 197.
LaTeX Font Info:    ... okay on input line 197.
LaTeX Font Info:    Checking defaults for OMS/cmsy/m/n on input line 197.
LaTeX Font Info:    ... okay on input line 197.
LaTeX Font Info:    Checking defaults for OMX/cmex/m/n on input line 197.
LaTeX Font Info:    ... okay on input line 197.
LaTeX Font Info:    Checking defaults for U/cmr/m/n on input line 197.
LaTeX Font Info:    ... okay on input line 197.
LaTeX Font Info:    Checking defaults for PD1/pdf/m/n on input line 197.
LaTeX Font Info:    ... okay on input line 197.
LaTeX Font Info:    Checking defaults for C00/song/m/n on input line 197.
LaTeX Font Info:    ... okay on input line 197.
LaTeX Font Info:    Checking defaults for C05/song/m/n on input line 197.
LaTeX Font Info:    ... okay on input line 197.
LaTeX Font Info:    Checking defaults for C09/song/m/n on input line 197.
LaTeX Font Info:    ... okay on input line 197.
LaTeX Font Info:    Checking defaults for C10/song/m/n on input line 197.
LaTeX Font Info:    ... okay on input line 197.
LaTeX Font Info:    Checking defaults for C20/song/m/n on input line 197.
LaTeX Font Info:    ... okay on input line 197.
LaTeX Font Info:    Checking defaults for C19/song/m/n on input line 197.
LaTeX Font Info:    ... okay on input line 197.
LaTeX Font Info:    Checking defaults for C40/song/m/n on input line 197.
LaTeX Font Info:    ... okay on input line 197.
LaTeX Font Info:    Checking defaults for C42/song/m/n on input line 197.
LaTeX Font Info:    ... okay on input line 197.
LaTeX Font Info:    Checking defaults for C43/song/m/n on input line 197.
LaTeX Font Info:    ... okay on input line 197.
LaTeX Font Info:    Checking defaults for C50/song/m/n on input line 197.
LaTeX Font Info:    ... okay on input line 197.
LaTeX Font Info:    Checking defaults for C52/song/m/n on input line 197.
LaTeX Font Info:    ... okay on input line 197.
LaTeX Font Info:    Checking defaults for C49/song/m/n on input line 197.
LaTeX Font Info:    ... okay on input line 197.
LaTeX Font Info:    Checking defaults for C60/mj/m/n on input line 197.
LaTeX Font Info:    ... okay on input line 197.
LaTeX Font Info:    Checking defaults for C61/mj/m/n on input line 197.
LaTeX Font Info:    ... okay on input line 197.
LaTeX Font Info:    Checking defaults for C63/mj/m/n on input line 197.
LaTeX Font Info:    ... okay on input line 197.
LaTeX Font Info:    Checking defaults for C64/mj/m/n on input line 197.
LaTeX Font Info:    ... okay on input line 197.
LaTeX Font Info:    Checking defaults for C65/mj/m/n on input line 197.
LaTeX Font Info:    ... okay on input line 197.
LaTeX Font Info:    Checking defaults for C70/song/m/n on input line 197.
LaTeX Font Info:    ... okay on input line 197.
LaTeX Font Info:    Checking defaults for C31/song/m/n on input line 197.
LaTeX Font Info:    ... okay on input line 197.
LaTeX Font Info:    Checking defaults for C32/song/m/n on input line 197.
LaTeX Font Info:    ... okay on input line 197.
LaTeX Font Info:    Checking defaults for C33/song/m/n on input line 197.
LaTeX Font Info:    ... okay on input line 197.
LaTeX Font Info:    Checking defaults for C34/song/m/n on input line 197.
LaTeX Font Info:    ... okay on input line 197.
LaTeX Font Info:    Checking defaults for C35/song/m/n on input line 197.
LaTeX Font Info:    ... okay on input line 197.
LaTeX Font Info:    Checking defaults for C36/song/m/n on input line 197.
LaTeX Font Info:    ... okay on input line 197.
LaTeX Font Info:    Checking defaults for C37/song/m/n on input line 197.
LaTeX Font Info:    ... okay on input line 197.
LaTeX Font Info:    Checking defaults for C80/song/m/n on input line 197.
LaTeX Font Info:    ... okay on input line 197.
LaTeX Font Info:    Checking defaults for C81/song/m/n on input line 197.
LaTeX Font Info:    ... okay on input line 197.
LaTeX Font Info:    Checking defaults for C01/song/m/n on input line 197.
LaTeX Font Info:    ... okay on input line 197.
LaTeX Font Info:    Checking defaults for C11/song/m/n on input line 197.
LaTeX Font Info:    ... okay on input line 197.
LaTeX Font Info:    Checking defaults for C21/song/m/n on input line 197.
LaTeX Font Info:    ... okay on input line 197.
LaTeX Font Info:    Checking defaults for C41/song/m/n on input line 197.
LaTeX Font Info:    ... okay on input line 197.
LaTeX Font Info:    Checking defaults for C62/song/m/n on input line 197.
LaTeX Font Info:    ... okay on input line 197.
LaTeX Font Info:    Try loading font information for T1+phv on input line 197.
("C:\Program Files (x86)\CTEX\MiKTeX\tex\latex\psnfss\t1phv.fd"
File: t1phv.fd 2001/06/04 scalable font definitions for T1/phv.
)
*geometry* driver: auto-detecting
*geometry* detected driver: pdftex
*geometry* verbose mode - [ preamble ] result:
* driver: pdftex
* paper: custom
* layout: <same size as paper>
* layoutoffset:(h,v)=(0.0pt,0.0pt)
* modes: includehead includefoot 
* h-part:(L,W,R)=(10.88002pt, 342.43532pt, 10.88002pt)
* v-part:(T,H,B)=(0.0pt, 273.14662pt, 0.0pt)
* \paperwidth=364.19536pt
* \paperheight=273.14662pt
* \textwidth=342.43532pt
* \textheight=244.6939pt
* \oddsidemargin=-61.38997pt
* \evensidemargin=-61.38997pt
* \topmargin=-72.26999pt
* \headheight=14.22636pt
* \headsep=0.0pt
* \topskip=11.0pt
* \footskip=14.22636pt
* \marginparwidth=4.0pt
* \marginparsep=10.0pt
* \columnsep=10.0pt
* \skip\footins=711.3189pt minus 711.3189pt
* \hoffset=0.0pt
* \voffset=0.0pt
* \mag=1000
* \@twocolumnfalse
* \@twosidefalse
* \@mparswitchfalse
* \@reversemarginfalse
* (1in=72.27pt=25.4mm, 1cm=28.453pt)

("C:\Program Files (x86)\CTEX\MiKTeX\tex\context\base\supp-pdf.mkii"
[Loading MPS to PDF converter (version 2006.09.02).]
\scratchcounter=\count342
\scratchdimen=\dimen212
\scratchbox=\box64
\nofMPsegments=\count343
\nofMParguments=\count344
\everyMPshowfont=\toks50
\MPscratchCnt=\count345
\MPscratchDim=\dimen213
\MPnumerator=\count346
\makeMPintoPDFobject=\count347
\everyMPtoPDFconversion=\toks51
) ABD: EveryShipout initializing macros
\AtBeginShipoutBox=\box65
Package hyperref Info: Link coloring OFF on input line 197.

("C:\Program Files (x86)\CTEX\MiKTeX\tex\latex\hyperref\nameref.sty"
Package: nameref 2010/04/30 v2.40 Cross-referencing by name of section

("C:\Program Files (x86)\CTEX\MiKTeX\tex\generic\oberdiek\gettitlestring.sty"
Package: gettitlestring 2010/12/03 v1.4 Cleanup title references (HO)
)
\c@section@level=\count348
)
LaTeX Info: Redefining \ref on input line 197.
LaTeX Info: Redefining \pageref on input line 197.
LaTeX Info: Redefining \nameref on input line 197.
LaTeX Font Info:    Overwriting symbol font `operators' in version `normal'
(Font)                  OT1/cmr/m/n --> OT1/cmss/m/n on input line 197.
LaTeX Font Info:    Overwriting symbol font `operators' in version `bold'
(Font)                  OT1/cmr/bx/n --> OT1/cmss/bx/n on input line 197.
\symnumbers=\mathgroup9
\sympureletters=\mathgroup10
LaTeX Font Info:    Overwriting math alphabet `\mathrm' in version `normal'
(Font)                  OT1/cmss/m/n --> T1/ptm/m/n on input line 197.
LaTeX Font Info:    Redeclaring math alphabet \mathbf on input line 197.
LaTeX Font Info:    Redeclaring math alphabet \mathsf on input line 197.
LaTeX Font Info:    Overwriting math alphabet `\mathsf' in version `normal'
(Font)                  OT1/cmss/m/n --> T1/phv/m/n on input line 197.
LaTeX Font Info:    Overwriting math alphabet `\mathsf' in version `bold'
(Font)                  OT1/cmss/bx/n --> T1/phv/m/n on input line 197.
LaTeX Font Info:    Redeclaring math alphabet \mathit on input line 197.
LaTeX Font Info:    Overwriting math alphabet `\mathit' in version `normal'
(Font)                  OT1/cmr/m/it --> T1/phv/m/it on input line 197.
LaTeX Font Info:    Overwriting math alphabet `\mathit' in version `bold'
(Font)                  OT1/cmr/bx/it --> T1/phv/m/it on input line 197.
LaTeX Font Info:    Redeclaring math alphabet \mathtt on input line 197.
LaTeX Font Info:    Overwriting math alphabet `\mathtt' in version `normal'
(Font)                  OT1/cmtt/m/n --> T1/pcr/m/n on input line 197.
LaTeX Font Info:    Overwriting math alphabet `\mathtt' in version `bold'
(Font)                  OT1/cmtt/m/n --> T1/pcr/m/n on input line 197.
LaTeX Font Info:    Overwriting symbol font `numbers' in version `bold'
(Font)                  T1/phv/m/n --> T1/phv/bx/n on input line 197.
LaTeX Font Info:    Overwriting symbol font `pureletters' in version `bold'
(Font)                  T1/phv/m/it --> T1/phv/bx/it on input line 197.
LaTeX Font Info:    Overwriting math alphabet `\mathrm' in version `bold'
(Font)                  OT1/cmss/bx/n --> T1/ptm/bx/n on input line 197.
LaTeX Font Info:    Overwriting math alphabet `\mathbf' in version `bold'
(Font)                  T1/phv/bx/n --> T1/phv/bx/n on input line 197.
LaTeX Font Info:    Overwriting math alphabet `\mathsf' in version `bold'
(Font)                  T1/phv/m/n --> T1/phv/bx/n on input line 197.
LaTeX Font Info:    Overwriting math alphabet `\mathit' in version `bold'
(Font)                  T1/phv/m/it --> T1/phv/bx/it on input line 197.
LaTeX Font Info:    Overwriting math alphabet `\mathtt' in version `bold'
(Font)                  T1/pcr/m/n --> T1/pcr/bx/n on input line 197.

("C:\Program Files (x86)\CTEX\MiKTeX\tex\latex\beamer\base\translator\dicts\tra
nslator-basic-dictionary\translator-basic-dictionary-English.dict"
Dictionary: translator-basic-dictionary, Language: English 
)
("C:\Program Files (x86)\CTEX\MiKTeX\tex\latex\beamer\base\translator\dicts\tra
nslator-bibliography-dictionary\translator-bibliography-dictionary-English.dict
"
Dictionary: translator-bibliography-dictionary, Language: English 
)
("C:\Program Files (x86)\CTEX\MiKTeX\tex\latex\beamer\base\translator\dicts\tra
nslator-environment-dictionary\translator-environment-dictionary-English.dict"
Dictionary: translator-environment-dictionary, Language: English 
)
("C:\Program Files (x86)\CTEX\MiKTeX\tex\latex\beamer\base\translator\dicts\tra
nslator-months-dictionary\translator-months-dictionary-English.dict"
Dictionary: translator-months-dictionary, Language: English 
)
("C:\Program Files (x86)\CTEX\MiKTeX\tex\latex\beamer\base\translator\dicts\tra
nslator-numbers-dictionary\translator-numbers-dictionary-English.dict"
Dictionary: translator-numbers-dictionary, Language: English 
)
("C:\Program Files (x86)\CTEX\MiKTeX\tex\latex\beamer\base\translator\dicts\tra
nslator-theorem-dictionary\translator-theorem-dictionary-English.dict"
Dictionary: translator-theorem-dictionary, Language: English 
)
LaTeX Info: Redefining \includegraphics on input line 197.
Package caption Info: Begin \AtBeginDocument code.
Package caption Info: subfig package v1.3 is loaded.
Package caption Info: End \AtBeginDocument code.
Package biblatex Info: Input encoding 'utf8' detected.
Package biblatex Info: Automatic encoding selection.
(biblatex)             Assuming data encoding 'utf8'.


Package biblatex Warning: Data encoding is 'utf8'.
(biblatex)                Use backend=biber.

Package biblatex Info: Trying to load bibliographic data...
Package biblatex Info: ... file 'graduate_defense.bbl' found.
(D:\Cloud\Github\graduate_defense\graduate_defense.bbl

Package biblatex Warning: BibTeX reported the following issues
(biblatex)                with 'Vega2009':
(biblatex)                - Invalid format of field 'month'.

)
Package biblatex Info: Reference section=0 on input line 197.
Package biblatex Info: Reference segment=0 on input line 197.
 (D:\Cloud\Github\graduate_defense\graduate_defense.nav)
("C:\Program Files (x86)\CTEX\MiKTeX\tex\latex\cjk\standard.bdg"
File: standard.bdg 2008/12/29 4.8.2
)
("C:\Program Files (x86)\CTEX\MiKTeX\tex\latex\cjk\extended.enc"
File: extended.enc 2008/12/29 4.8.2
)
("C:\Program Files (x86)\CTEX\MiKTeX\tex\latex\cjk\extended.chr"
File: extended.chr 2008/12/29 4.8.2
)
LaTeX Font Info:    Try loading font information for C19+hei on input line 221.


("C:\Program Files (x86)\CTEX\CTeX\tex\latex\CJK\GB\c19hei.fd"
File: c19hei.fd 2009/09/23 4.8.2
)

pdfTeX warning: pdflatex.exe (file D:/Cloud/Github/graduate_defense/SJTU.pdf): 
PDF inclusion: found PDF version <1.6>, but at most version <1.5> allowed
<SJTU.pdf, id=14, 929.15129pt x 244.0317pt>
File: SJTU.pdf Graphic file (type pdf)
 <use SJTU.pdf>
Package pdftex.def Info: SJTU.pdf used on input line 221.
(pdftex.def)             Requested size: 86.72377pt x 22.77365pt.
 [1

{C:/Program Files (x86)/CTEX/UserData/pdftex/config/pdftex.map{Unicode.sfd}{UGB
K.sfd}} <D:/Cloud/Github/graduate_defense/SJTU.pdf>]
(D:\Cloud\Github\graduate_defense\graduate_defense.toc)
File: SJTU.pdf Graphic file (type pdf)
 <use SJTU.pdf>
Package pdftex.def Info: SJTU.pdf used on input line 226.
(pdftex.def)             Requested size: 75.82227pt x 19.91684pt.
 [2

]
(D:\Cloud\Github\graduate_defense\graduate_defense.toc)
File: SJTU.pdf Graphic file (type pdf)
 <use SJTU.pdf>
Package pdftex.def Info: SJTU.pdf used on input line 229.
(pdftex.def)             Requested size: 75.82227pt x 19.91684pt.
 [3

]

pdfTeX warning: pdflatex.exe (file D:/Cloud/Github/graduate_defense/connectivit
y.pdf): PDF inclusion: found PDF version <1.6>, but at most version <1.5> allow
ed
<connectivity.pdf, id=98, 4267.945pt x 3200.95876pt>
File: connectivity.pdf Graphic file (type pdf)
 <use connectivity.pdf>
Package pdftex.def Info: connectivity.pdf used on input line 248.
(pdftex.def)             Requested size: 144.54pt x 108.3818pt.
LaTeX Font Info:    Try loading font information for U+msa on input line 248.

("C:\Program Files (x86)\CTEX\MiKTeX\tex\latex\amsfonts\umsa.fd"
File: umsa.fd 2009/06/22 v3.00 AMS symbols A
)
LaTeX Font Info:    Try loading font information for U+msb on input line 248.

("C:\Program Files (x86)\CTEX\MiKTeX\tex\latex\amsfonts\umsb.fd"
File: umsb.fd 2009/06/22 v3.00 AMS symbols B
)
LaTeX Font Info:    Font shape `T1/phv/m/it' in size <10.95> not available
(Font)              Font shape `T1/phv/m/sl' tried instead on input line 248.
LaTeX Font Info:    Font shape `T1/phv/m/it' in size <8> not available
(Font)              Font shape `T1/phv/m/sl' tried instead on input line 248.
LaTeX Font Info:    Font shape `T1/phv/m/it' in size <6> not available
(Font)              Font shape `T1/phv/m/sl' tried instead on input line 248.


pdfTeX warning: pdflatex.exe (file D:/Cloud/Github/graduate_defense/MOT_WNS.pdf
): PDF inclusion: found PDF version <1.6>, but at most version <1.5> allowed
<MOT_WNS.pdf, id=99, 530.10045pt x 411.939pt>
File: MOT_WNS.pdf Graphic file (type pdf)
 <use MOT_WNS.pdf>
Package pdftex.def Info: MOT_WNS.pdf used on input line 248.
(pdftex.def)             Requested size: 144.54pt x 112.31871pt.
File: SJTU.pdf Graphic file (type pdf)
 <use SJTU.pdf>
Package pdftex.def Info: SJTU.pdf used on input line 248.
(pdftex.def)             Requested size: 75.82227pt x 19.91684pt.

[4

 <D:/Cloud/Github/graduate_defense/connectivity.pdf> <D:/Cloud/Github/graduate_
defense/MOT_WNS.pdf>]

pdfTeX warning: pdflatex.exe (file D:/Cloud/Github/graduate_defense/gsmrservice
.pdf): PDF inclusion: found PDF version <1.6>, but at most version <1.5> allowe
d
<gsmrservice.pdf, id=128, 460.93506pt x 354.23712pt>
File: gsmrservice.pdf Graphic file (type pdf)
 <use gsmrservice.pdf>
Package pdftex.def Info: gsmrservice.pdf used on input line 268.
(pdftex.def)             Requested size: 115.63243pt x 88.86174pt.


pdfTeX warning: pdflatex.exe (file D:/Cloud/Github/graduate_defense/gsmr.pdf): 
PDF inclusion: found PDF version <1.6>, but at most version <1.5> allowed
<gsmr.pdf, id=129, 808.06734pt x 416.43079pt>
File: gsmr.pdf Graphic file (type pdf)
 <use gsmr.pdf>
Package pdftex.def Info: gsmr.pdf used on input line 268.
(pdftex.def)             Requested size: 173.44756pt x 89.38472pt.
File: SJTU.pdf Graphic file (type pdf)
 <use SJTU.pdf>
Package pdftex.def Info: SJTU.pdf used on input line 268.
(pdftex.def)             Requested size: 75.82227pt x 19.91684pt.

[5

pdfTeX warning (ext4): destination with the same identifier (name{gsmr}) has be
en already used, duplicate ignored

\@EveryShipout@Output ...@Org@Shipout \box \@cclv 
                                                  
l.268 \end{frame}
                  <D:/Cloud/Github/graduate_defense/gsmrservice.pdf> <D:/Cloud/
Github/graduate_defense/gsmr.pdf>]
File: SJTU.pdf Graphic file (type pdf)
 <use SJTU.pdf>
Package pdftex.def Info: SJTU.pdf used on input line 288.
(pdftex.def)             Requested size: 75.82227pt x 19.91684pt.
 [6

]
(D:\Cloud\Github\graduate_defense\graduate_defense.toc)
File: SJTU.pdf Graphic file (type pdf)
 <use SJTU.pdf>
Package pdftex.def Info: SJTU.pdf used on input line 290.
(pdftex.def)             Requested size: 75.82227pt x 19.91684pt.
 [7

]

pdfTeX warning: pdflatex.exe (file D:/Cloud/Github/graduate_defense/dynamic.pdf
): PDF inclusion: found PDF version <1.6>, but at most version <1.5> allowed
<dynamic.pdf, id=292, 856.82108pt x 518.00526pt>
File: dynamic.pdf Graphic file (type pdf)
 <use dynamic.pdf>
Package pdftex.def Info: dynamic.pdf used on input line 299.
(pdftex.def)             Requested size: 238.49121pt x 144.17892pt.
File: SJTU.pdf Graphic file (type pdf)

<use SJTU.pdf>
Package pdftex.def Info: SJTU.pdf used on input line 299.
(pdftex.def)             Requested size: 75.82227pt x 19.91684pt.
 [8

 <D:/Cloud/Github/graduate_defense/dynamic.pdf>]
LaTeX Font Info:    Font shape `T1/phv/bx/n' in size <10.95> not available
(Font)              Font shape `T1/phv/b/n' tried instead on input line 324.


LaTeX Warning: Reference `time_vary' on page 9 undefined on input line 324.


LaTeX Warning: Reference `cdf_rss' on page 9 undefined on input line 324.


LaTeX Warning: Reference `pdrvary' on page 9 undefined on input line 324.

<time.pdf, id=309, 433.62pt x 289.08pt>
File: time.pdf Graphic file (type pdf)
 <use time.pdf>
Package pdftex.def Info: time.pdf used on input line 324.
(pdftex.def)             Requested size: 130.08621pt x 86.72466pt.

<cdfrss.pdf, id=310, 216.81pt x 289.08pt>
File: cdfrss.pdf Graphic file (type pdf)
 <use cdfrss.pdf>
Package pdftex.def Info: cdfrss.pdf used on input line 324.
(pdftex.def)             Requested size: 65.04256pt x 86.72466pt.

<pdrvary.pdf, id=311, 361.35pt x 289.08pt>
File: pdrvary.pdf Graphic file (type pdf)
 <use pdrvary.pdf>
Package pdftex.def Info: pdrvary.pdf used on input line 324.
(pdftex.def)             Requested size: 108.405pt x 86.72466pt.
File: SJTU.pdf Graphic file (type pdf)
 <use SJTU.pdf>
Package pdftex.def Info: SJTU.pdf used on input line 324.
(pdftex.def)             Requested size: 75.82227pt x 19.91684pt.

Overfull \vbox (6.21912pt too high) detected at line 324
 []

[9

 <D:/Cloud/Github/graduate_defense/time.pdf> <D:/Cloud/Github/graduate_defense/
cdfrss.pdf> <D:/Cloud/Github/graduate_defense/pdrvary.pdf>]
(D:\Cloud\Github\graduate_defense\graduate_defense.toc)
File: SJTU.pdf Graphic file (type pdf)
 <use SJTU.pdf>
Package pdftex.def Info: SJTU.pdf used on input line 328.
(pdftex.def)             Requested size: 75.82227pt x 19.91684pt.
 [10

]

LaTeX Warning: Reference `measurement' on page 11 undefined on input line 340.

<measurement.pdf, id=365, 519.86751pt x 190.21063pt>
File: measurement.pdf Graphic file (type pdf)
 <use measurement.pdf>
Package pdftex.def Info: measurement.pdf used on input line 340.
(pdftex.def)             Requested size: 289.07999pt x 105.7713pt.
File: SJTU.pdf Graphic file (type pdf)

<use SJTU.pdf>
Package pdftex.def Info: SJTU.pdf used on input line 340.
(pdftex.def)             Requested size: 75.82227pt x 19.91684pt.
 [11

 <D:/Cloud/Github/graduate_defense/measurement.pdf>]
Underfull \hbox (badness 3965) in paragraph at lines 351--351
[]\T1/phv/m/n/6 [7] []D. de la Vega et al. []   Gen-er-al-iza-tion of the Lee 
Method for the Anal-y-sis of the Sig-nal Vari-abil-ity. [] In:
 []

File: SJTU.pdf Graphic file (type pdf)
<use SJTU.pdf>
Package pdftex.def Info: SJTU.pdf used on input line 351.
(pdftex.def)             Requested size: 75.82227pt x 19.91684pt.
 [12

]
File: SJTU.pdf Graphic file (type pdf)
 <use SJTU.pdf>
Package pdftex.def Info: SJTU.pdf used on input line 376.
(pdftex.def)             Requested size: 75.82227pt x 19.91684pt.
 [13

]
(D:\Cloud\Github\graduate_defense\graduate_defense.toc)
File: SJTU.pdf Graphic file (type pdf)
 <use SJTU.pdf>
Package pdftex.def Info: SJTU.pdf used on input line 378.
(pdftex.def)             Requested size: 75.82227pt x 19.91684pt.
 [14

]

LaTeX Warning: Reference `online_measure' on page 15 undefined on input line 38
9.



pdfTeX warning: pdflatex.exe (file D:/Cloud/Github/graduate_defense/online.pdf)
: PDF inclusion: found PDF version <1.6>, but at most version <1.5> allowed
<online.pdf, id=432, 661.20021pt x 265.24094pt>
File: online.pdf Graphic file (type pdf)
 <use online.pdf>
Package pdftex.def Info: online.pdf used on input line 389.
(pdftex.def)             Requested size: 289.07999pt x 115.96571pt.
File: SJTU.pdf Graphic file (type pdf)

<use SJTU.pdf>
Package pdftex.def Info: SJTU.pdf used on input line 389.
(pdftex.def)             Requested size: 75.82227pt x 19.91684pt.
 [15

 <D:/Cloud/Github/graduate_defense/online.pdf>]
LaTeX Font Info:    Font shape `T1/phv/m/it' in size <5> not available
(Font)              Font shape `T1/phv/m/sl' tried instead on input line 411.
File: SJTU.pdf Graphic file (type pdf)

<use SJTU.pdf>
Package pdftex.def Info: SJTU.pdf used on input line 411.
(pdftex.def)             Requested size: 75.82227pt x 19.91684pt.
 [16

]

pdfTeX warning: pdflatex.exe (file D:/Cloud/Github/graduate_defense/sigma11.pdf
): PDF inclusion: found PDF version <1.6>, but at most version <1.5> allowed
<sigma11.pdf, id=489, 260.17201pt x 169.3507pt>
File: sigma11.pdf Graphic file (type pdf)
 <use sigma11.pdf>
Package pdftex.def Info: sigma11.pdf used on input line 453.
(pdftex.def)             Requested size: 108.405pt x 70.56348pt.


pdfTeX warning: pdflatex.exe (file D:/Cloud/Github/graduate_defense/sigma33.pdf
): PDF inclusion: found PDF version <1.6>, but at most version <1.5> allowed
<sigma33.pdf, id=490, 260.17201pt x 169.3507pt>
File: sigma33.pdf Graphic file (type pdf)
 <use sigma33.pdf>
Package pdftex.def Info: sigma33.pdf used on input line 453.
(pdftex.def)             Requested size: 108.405pt x 70.56348pt.


pdfTeX warning: pdflatex.exe (file D:/Cloud/Github/graduate_defense/sigma55.pdf
): PDF inclusion: found PDF version <1.6>, but at most version <1.5> allowed
<sigma55.pdf, id=491, 260.17201pt x 169.3507pt>
File: sigma55.pdf Graphic file (type pdf)
 <use sigma55.pdf>
Package pdftex.def Info: sigma55.pdf used on input line 453.
(pdftex.def)             Requested size: 108.405pt x 70.56348pt.


pdfTeX warning: pdflatex.exe (file D:/Cloud/Github/graduate_defense/sigma77.pdf
): PDF inclusion: found PDF version <1.6>, but at most version <1.5> allowed
<sigma77.pdf, id=492, 260.17201pt x 169.3507pt>
File: sigma77.pdf Graphic file (type pdf)
 <use sigma77.pdf>
Package pdftex.def Info: sigma77.pdf used on input line 453.
(pdftex.def)             Requested size: 108.405pt x 70.56348pt.
LaTeX Font Info:    Font shape `T1/phv/m/it' in size <10> not available
(Font)              Font shape `T1/phv/m/sl' tried instead on input line 453.
LaTeX Font Info:    Font shape `T1/phv/m/it' in size <7> not available
(Font)              Font shape `T1/phv/m/sl' tried instead on input line 453.
LaTeX Font Info:    Font shape `T1/phv/m/it' in size <14.4> not available
(Font)              Font shape `T1/phv/m/sl' tried instead on input line 453.
File: SJTU.pdf Graphic file (type pdf)

<use SJTU.pdf>
Package pdftex.def Info: SJTU.pdf used on input line 453.
(pdftex.def)             Requested size: 75.82227pt x 19.91684pt.

Overfull \vbox (8.42177pt too high) detected at line 453
 []

[17

 <D:/Cloud/Github/graduate_defense/sigma11.pdf> <D:/Cloud/Github/graduate_defen
se/sigma33.pdf> <D:/Cloud/Github/graduate_defense/sigma55.pdf> <D:/Cloud/Github
/graduate_defense/sigma77.pdf>]

pdfTeX warning: pdflatex.exe (file D:/Cloud/Github/graduate_defense/nu1.pdf): P
DF inclusion: found PDF version <1.6>, but at most version <1.5> allowed
<nu1.pdf, id=616, 260.17201pt x 169.3507pt>
File: nu1.pdf Graphic file (type pdf)
 <use nu1.pdf>
Package pdftex.def Info: nu1.pdf used on input line 489.
(pdftex.def)             Requested size: 158.99377pt x 103.49757pt.
LaTeX Font Info:    Font shape `T1/phv/m/it' in size <12> not available
(Font)              Font shape `T1/phv/m/sl' tried instead on input line 489.
File: SJTU.pdf Graphic file (type pdf)
 <use SJTU.pdf>
Package pdftex.def Info: SJTU.pdf used on input line 489.
(pdftex.def)             Requested size: 75.82227pt x 19.91684pt.

[18

 <D:/Cloud/Github/graduate_defense/nu1.pdf>]

pdfTeX warning: pdflatex.exe (file D:/Cloud/Github/graduate_defense/platform.pd
f): PDF inclusion: found PDF version <1.6>, but at most version <1.5> allowed
<platform.pdf, id=649, 1027.84pt x 770.88pt>
File: platform.pdf Graphic file (type pdf)
 <use platform.pdf>
Package pdftex.def Info: platform.pdf used on input line 513.
(pdftex.def)             Requested size: 144.54pt x 108.40472pt.


pdfTeX warning: pdflatex.exe (file D:/Cloud/Github/graduate_defense/softwareint
erface.pdf): PDF inclusion: found PDF version <1.6>, but at most version <1.5> 
allowed
<softwareinterface.pdf, id=650, 2746.26pt x 2059.695pt>
File: softwareinterface.pdf Graphic file (type pdf)

<use softwareinterface.pdf>
Package pdftex.def Info: softwareinterface.pdf used on input line 513.
(pdftex.def)             Requested size: 144.54pt x 108.39645pt.
File: SJTU.pdf Graphic file (type pdf)
 <use SJTU.pdf>
Package pdftex.def Info: SJTU.pdf used on input line 513.
(pdftex.def)             Requested size: 75.82227pt x 19.91684pt.

Overfull \vbox (25.13698pt too high) detected at line 513
 []

[19

 <D:/Cloud/Github/graduate_defense/platform.pdf> <D:/Cloud/Github/graduate_defe
nse/softwareinterface.pdf>]
File: SJTU.pdf Graphic file (type pdf)
 <use SJTU.pdf>
Package pdftex.def Info: SJTU.pdf used on input line 578.
(pdftex.def)             Requested size: 75.82227pt x 19.91684pt.

Overfull \vbox (1.53323pt too high) detected at line 578
 []

[20

]
Underfull \hbox (badness 7595) in paragraph at lines 600--600
[]\T1/phv/m/n/6 [9] []K.I. Itoh et al. []   Per-for-mance of hand-off al-go-ri
thm based on dis-tance and RSSI mea-sure-ments. [] In:
 []

<em.pdf, id=677, 361.35pt x 216.81pt>
File: em.pdf Graphic file (type pdf)
 <use em.pdf>
Package pdftex.def Info: em.pdf used on input line 600.
(pdftex.def)             Requested size: 144.54pt x 86.72246pt.

<short.pdf, id=678, 361.35pt x 216.81pt>
File: short.pdf Graphic file (type pdf)
 <use short.pdf>
Package pdftex.def Info: short.pdf used on input line 600.
(pdftex.def)             Requested size: 144.54pt x 86.72246pt.
File: SJTU.pdf Graphic file (type pdf)
 <use SJTU.pdf>
Package pdftex.def Info: SJTU.pdf used on input line 600.
(pdftex.def)             Requested size: 75.82227pt x 19.91684pt.

[21

 <D:/Cloud/Github/graduate_defense/em.pdf> <D:/Cloud/Github/graduate_defense/sh
ort.pdf>] (D:\Cloud\Github\graduate_defense\graduate_defense.toc)
File: SJTU.pdf Graphic file (type pdf)

<use SJTU.pdf>
Package pdftex.def Info: SJTU.pdf used on input line 604.
(pdftex.def)             Requested size: 75.82227pt x 19.91684pt.
 [22

]

LaTeX Warning: Reference `MCS' on page 23 undefined on input line 624.



pdfTeX warning: pdflatex.exe (file D:/Cloud/Github/graduate_defense/modeling1.p
df): PDF inclusion: found PDF version <1.6>, but at most version <1.5> allowed
<modeling1.pdf, id=724, 1040.2233pt x 478.39828pt>
File: modeling1.pdf Graphic file (type pdf)
 <use modeling1.pdf>
Package pdftex.def Info: modeling1.pdf used on input line 624.
(pdftex.def)             Requested size: 143.8222pt x 66.14313pt.

<pdr.pdf, id=725, 289.08pt x 216.81pt>
File: pdr.pdf Graphic file (type pdf)
 <use pdr.pdf>
Package pdftex.def Info: pdr.pdf used on input line 624.
(pdftex.def)             Requested size: 92.45898pt x 69.34422pt.

<MCS.pdf, id=726, 361.35pt x 289.08pt>
File: MCS.pdf Graphic file (type pdf)
 <use MCS.pdf>
Package pdftex.def Info: MCS.pdf used on input line 624.
(pdftex.def)             Requested size: 85.60883pt x 68.48517pt.
File: SJTU.pdf Graphic file (type pdf)
 <use SJTU.pdf>
Package pdftex.def Info: SJTU.pdf used on input line 624.
(pdftex.def)             Requested size: 75.82227pt x 19.91684pt.
 [23

 <D:/Cloud/Github/graduate_defense/modeling1.pdf> <D:/Cloud/Github/graduate_def
ense/pdr.pdf> <D:/Cloud/Github/graduate_defense/MCS.pdf>]
(D:\Cloud\Github\graduate_defense\graduate_defense.toc)
File: SJTU.pdf Graphic file (type pdf)
 <use SJTU.pdf>
Package pdftex.def Info: SJTU.pdf used on input line 626.
(pdftex.def)             Requested size: 75.82227pt x 19.91684pt.
 [24

]
<modeling.pdf, id=780, 1441.7233pt x 577.51556pt>
File: modeling.pdf Graphic file (type pdf)
 <use modeling.pdf>
Package pdftex.def Info: modeling.pdf used on input line 673.
(pdftex.def)             Requested size: 142.26378pt x 56.97946pt.
File: SJTU.pdf Graphic file (type pdf)

<use SJTU.pdf>
Package pdftex.def Info: SJTU.pdf used on input line 673.
(pdftex.def)             Requested size: 75.82227pt x 19.91684pt.
 [25

 <D:/Cloud/Github/graduate_defense/modeling.pdf>]
File: SJTU.pdf Graphic file (type pdf)

<use SJTU.pdf>
Package pdftex.def Info: SJTU.pdf used on input line 687.
(pdftex.def)             Requested size: 75.82227pt x 19.91684pt.
 [26

] <m_weighted.pdf, id=809, 361.35pt x 86.3225pt>
File: m_weighted.pdf Graphic file (type pdf)

<use m_weighted.pdf>
Package pdftex.def Info: m_weighted.pdf used on input line 703.
(pdftex.def)             Requested size: 273.9493pt x 65.44374pt.
File: SJTU.pdf Graphic file (type pdf)
 <use SJTU.pdf>
Package pdftex.def Info: SJTU.pdf used on input line 703.
(pdftex.def)             Requested size: 75.82227pt x 19.91684pt.
 [27

 <D:/Cloud/Github/graduate_defense/m_weighted.pdf>] <m_sliding.pdf, id=826, 361
.35pt x 86.3225pt>
File: m_sliding.pdf Graphic file (type pdf)
 <use m_sliding.pdf>
Package pdftex.def Info: m_sliding.pdf used on input line 719.
(pdftex.def)             Requested size: 273.9493pt x 65.44374pt.
File: SJTU.pdf Graphic file (type pdf)

<use SJTU.pdf>
Package pdftex.def Info: SJTU.pdf used on input line 719.
(pdftex.def)             Requested size: 75.82227pt x 19.91684pt.
 [28

 <D:/Cloud/Github/graduate_defense/m_sliding.pdf>]
File: m_sliding.pdf Graphic file (type pdf)

<use m_sliding.pdf>
Package pdftex.def Info: m_sliding.pdf used on input line 752.
(pdftex.def)             Requested size: 273.9493pt x 65.44374pt.
pdfTeX warning (ext4): destination with the same identifier (name{sliding_metho
d}) has been already used, duplicate ignored
<to be read again> 
                   \relax 
l.752 \end{frame}
                 
File: SJTU.pdf Graphic file (type pdf)
 <use SJTU.pdf>
Package pdftex.def Info: SJTU.pdf used on input line 752.
(pdftex.def)             Requested size: 75.82227pt x 19.91684pt.
 [29

]
<pdr_ch_sgi.pdf, id=853, 361.35pt x 216.81pt>
File: pdr_ch_sgi.pdf Graphic file (type pdf)
 <use pdr_ch_sgi.pdf>
Package pdftex.def Info: pdr_ch_sgi.pdf used on input line 777.
(pdftex.def)             Requested size: 113.00427pt x 67.80257pt.

<pdr_ch_lgi.pdf, id=854, 361.35pt x 216.81pt>
File: pdr_ch_lgi.pdf Graphic file (type pdf)
 <use pdr_ch_lgi.pdf>
Package pdftex.def Info: pdr_ch_lgi.pdf used on input line 777.
(pdftex.def)             Requested size: 113.00427pt x 67.80257pt.

<pdr_sgi.pdf, id=855, 361.35pt x 216.81pt>
File: pdr_sgi.pdf Graphic file (type pdf)
 <use pdr_sgi.pdf>
Package pdftex.def Info: pdr_sgi.pdf used on input line 777.
(pdftex.def)             Requested size: 113.00427pt x 67.80257pt.
pdfTeX warning (ext4): destination with the same identifier (name{pdr}) has bee
n already used, duplicate ignored
<to be read again> 
                   \relax 
l.777 \end{frame}
                 
File: SJTU.pdf Graphic file (type pdf)
 <use SJTU.pdf>
Package pdftex.def Info: SJTU.pdf used on input line 777.
(pdftex.def)             Requested size: 75.82227pt x 19.91684pt.
 [30

 <D:/Cloud/Github/graduate_defense/pdr_ch_sgi.pdf> <D:/Cloud/Github/graduate_de
fense/pdr_ch_lgi.pdf> <D:/Cloud/Github/graduate_defense/pdr_sgi.pdf>]

pdfTeX warning: pdflatex.exe (file D:/Cloud/Github/graduate_defense/gradedm.pdf
): PDF inclusion: found PDF version <1.6>, but at most version <1.5> allowed
<gradedm.pdf, id=890, 876.3942pt x 522.52214pt>
File: gradedm.pdf Graphic file (type pdf)
 <use gradedm.pdf>
Package pdftex.def Info: gradedm.pdf used on input line 797.
(pdftex.def)             Requested size: 142.26378pt x 84.81714pt.


pdfTeX warning: pdflatex.exe (file D:/Cloud/Github/graduate_defense/gradedr.pdf
): PDF inclusion: found PDF version <1.6>, but at most version <1.5> allowed
<gradedr.pdf, id=891, 585.01563pt x 510.47714pt>
File: gradedr.pdf Graphic file (type pdf)
 <use gradedr.pdf>
Package pdftex.def Info: gradedr.pdf used on input line 797.
(pdftex.def)             Requested size: 142.26378pt x 124.13718pt.
File: SJTU.pdf Graphic file (type pdf)

<use SJTU.pdf>
Package pdftex.def Info: SJTU.pdf used on input line 797.
(pdftex.def)             Requested size: 75.82227pt x 19.91684pt.
 [31

 <D:/Cloud/Github/graduate_defense/gradedm.pdf> <D:/Cloud/Github/graduate_defen
se/gradedr.pdf>]
<framework11n.pdf, id=906, 361.35pt x 216.81pt>
File: framework11n.pdf Graphic file (type pdf)
 <use framework11n.pdf>
Package pdftex.def Info: framework11n.pdf used on input line 805.
(pdftex.def)             Requested size: 171.21765pt x 102.73108pt.
File: SJTU.pdf Graphic file (type pdf)

<use SJTU.pdf>
Package pdftex.def Info: SJTU.pdf used on input line 805.
(pdftex.def)             Requested size: 75.82227pt x 19.91684pt.
 [32

 <D:/Cloud/Github/graduate_defense/framework11n.pdf>]
<table.png, id=936, 899.61093pt x 88.83188pt>
File: table.png Graphic file (type png)
 <use table.png>
Package pdftex.def Info: table.png used on input line 828.
(pdftex.def)             Requested size: 342.43532pt x 33.81339pt.

<cdf.pdf, id=938, 216.81pt x 310.15875pt>
File: cdf.pdf Graphic file (type pdf)
 <use cdf.pdf>
Package pdftex.def Info: cdf.pdf used on input line 828.
(pdftex.def)             Requested size: 68.48601pt x 97.975pt.

<DSWA.pdf, id=939, 361.35pt x 216.81pt>
File: DSWA.pdf Graphic file (type pdf)
 <use DSWA.pdf>
Package pdftex.def Info: DSWA.pdf used on input line 828.
(pdftex.def)             Requested size: 164.36748pt x 98.61893pt.
File: SJTU.pdf Graphic file (type pdf)
 <use SJTU.pdf>
Package pdftex.def Info: SJTU.pdf used on input line 828.
(pdftex.def)             Requested size: 75.82227pt x 19.91684pt.
 [33

 <D:/Cloud/Github/graduate_defense/table.png> <D:/Cloud/Github/graduate_defense
/cdf.pdf> <D:/Cloud/Github/graduate_defense/DSWA.pdf>]
<route1.pdf, id=966, 361.35pt x 216.81pt>
File: route1.pdf Graphic file (type pdf)
 <use route1.pdf>
Package pdftex.def Info: route1.pdf used on input line 857.
(pdftex.def)             Requested size: 113.00427pt x 67.80257pt.

<route2.pdf, id=967, 361.35pt x 216.81pt>
File: route2.pdf Graphic file (type pdf)
 <use route2.pdf>
Package pdftex.def Info: route2.pdf used on input line 857.
(pdftex.def)             Requested size: 113.00427pt x 67.80257pt.

<route3.pdf, id=968, 361.35pt x 216.81pt>
File: route3.pdf Graphic file (type pdf)
 <use route3.pdf>
Package pdftex.def Info: route3.pdf used on input line 857.
(pdftex.def)             Requested size: 113.00427pt x 67.80257pt.

<goodput1.pdf, id=969, 361.35pt x 216.81pt>
File: goodput1.pdf Graphic file (type pdf)
 <use goodput1.pdf>
Package pdftex.def Info: goodput1.pdf used on input line 857.
(pdftex.def)             Requested size: 113.00427pt x 67.80257pt.

<goodput2.pdf, id=970, 361.35pt x 216.81pt>
File: goodput2.pdf Graphic file (type pdf)
 <use goodput2.pdf>
Package pdftex.def Info: goodput2.pdf used on input line 857.
(pdftex.def)             Requested size: 113.00427pt x 67.80257pt.

<goodput3.pdf, id=971, 361.35pt x 216.81pt>
File: goodput3.pdf Graphic file (type pdf)
 <use goodput3.pdf>
Package pdftex.def Info: goodput3.pdf used on input line 857.
(pdftex.def)             Requested size: 113.00427pt x 67.80257pt.
File: SJTU.pdf Graphic file (type pdf)
 <use SJTU.pdf>
Package pdftex.def Info: SJTU.pdf used on input line 857.
(pdftex.def)             Requested size: 75.82227pt x 19.91684pt.

[34

 <D:/Cloud/Github/graduate_defense/route1.pdf> <D:/Cloud/Github/graduate_defens
e/route2.pdf> <D:/Cloud/Github/graduate_defense/route3.pdf> <D:/Cloud/Github/gr
aduate_defense/goodput1.pdf> <D:/Cloud/Github/graduate_defense/goodput2.pdf> <D
:/Cloud/Github/graduate_defense/goodput3.pdf>]
File: SJTU.pdf Graphic file (type pdf)
 <use SJTU.pdf>
Package pdftex.def Info: SJTU.pdf used on input line 901.
(pdftex.def)             Requested size: 75.82227pt x 19.91684pt.
 [35

 <C:/Program Files (x86)/CTEX/MiKTeX/tex/latex/beamer/base/art/beamericonarticl
e.pdf>]
\tf@nav=\write6
\tf@toc=\write7
\tf@snm=\write8
Package atveryend Info: Empty hook `BeforeClearDocument' on input line 904.
Package atveryend Info: Empty hook `AfterLastShipout' on input line 904.

(D:\Cloud\Github\graduate_defense\graduate_defense.aux)
Package atveryend Info: Executing hook `AtVeryEndDocument' on input line 904.
Package atveryend Info: Empty hook `AtEndAfterFileList' on input line 904.


LaTeX Warning: There were undefined references.


LaTeX Warning: Label(s) may have changed. Rerun to get cross-references right.

Package logreq Info: Writing requests to 'graduate_defense.run.xml'.
 ) 
Here is how much of TeX's memory you used:
 27610 strings out of 495354
 501127 string characters out of 3182738
 692135 words of memory out of 3000000
 29900 multiletter control sequences out of 15000+200000
 117217 words of font info for 260 fonts, out of 3000000 for 9000
 14 hyphenation exceptions out of 8191
 49i,23n,65p,905b,2369s stack positions out of 5000i,500n,10000p,200000b,50000s
pdfTeX warning (dest): name{cite.0@itoh2002performance} has been referenced b
ut does not exist, replaced by a fixed one

pdfTeX warning (dest): name{cite.0@gopal2009power} has been referenced but does
 not exist, replaced by a fixed one

pdfTeX warning (dest): name{cite.0@Vega2009} has been referenced but does not e
xist, replaced by a fixed one

pdfTeX warning (dest): name{cite.0@tepedelenlio?lu2001estimation} has been refe
renced but does not exist, replaced by a fixed one

pdfTeX warning (dest): name{cite.0@Ai2009wcsp} has been referenced but does not
 exist, replaced by a fixed one

pdfTeX warning (dest): name{cite.0@lee1985estimate} has been referenced but doe
s not exist, replaced by a fixed one

pdfTeX warning (dest): name{cite.0@Akyildiz06nextgeneration/dynamic} has been r
eferenced but does not exist, replaced by a fixed one

pdfTeX warning (dest): name{cite.0@perahia2008next} has been referenced but doe
s not exist, replaced by a fixed one

pdfTeX warning (dest): name{cite.0@baldini2010early} has been referenced but do
es not exist, replaced by a fixed one

{C:/Program Files (x86)/CTEX/MiKTeX/fonts/enc/dvips/fontname/8r.enc}<C:/Windows
/Fonts/simhei.ttf><C:/Windows/Fonts/simhei.ttf><C:/Windows/Fonts/simhei.ttf><C:
/Windows/Fonts/simhei.ttf><C:/Windows/Fonts/simhei.ttf><C:/Windows/Fonts/simhei
.ttf><C:/Windows/Fonts/simhei.ttf><C:/Windows/Fonts/simhei.ttf><C:/Windows/Font
s/simhei.ttf><C:/Windows/Fonts/simhei.ttf><C:/Windows/Fonts/simhei.ttf><C:/Wind
ows/Fonts/simhei.ttf><C:/Windows/Fonts/simhei.ttf><C:/Windows/Fonts/simhei.ttf>
<C:/Windows/Fonts/simhei.ttf><C:/Windows/Fonts/simhei.ttf><C:/Windows/Fonts/sim
hei.ttf><C:/Windows/Fonts/simhei.ttf><C:/Windows/Fonts/simhei.ttf><C:/Windows/F
onts/simhei.ttf><C:/Windows/Fonts/simhei.ttf><C:/Windows/Fonts/simhei.ttf><C:/W
indows/Fonts/simhei.ttf><C:/Windows/Fonts/simhei.ttf><C:/Windows/Fonts/simhei.t
tf><C:/Windows/Fonts/simhei.ttf><C:/Windows/Fonts/simhei.ttf><C:/Windows/Fonts/
simhei.ttf><C:/Windows/Fonts/simhei.ttf><C:/Windows/Fonts/simhei.ttf><C:/Window
s/Fonts/simhei.ttf><C:/Windows/Fonts/simhei.ttf><C:/Windows/Fonts/simhei.ttf><C
:/Program Files (x86)/CTEX/MiKTeX/fonts/type1/public/amsfonts/cmextra/cmex8.pfb
><C:/Program Files (x86)/CTEX/MiKTeX/fonts/type1/public/amsfonts/cm/cmmi10.pfb>
<C:/Program Files (x86)/CTEX/MiKTeX/fonts/type1/public/amsfonts/cm/cmmi12.pfb><
C:/Program Files (x86)/CTEX/MiKTeX/fonts/type1/public/amsfonts/cm/cmmi6.pfb><C:
/Program Files (x86)/CTEX/MiKTeX/fonts/type1/public/amsfonts/cm/cmmi8.pfb><C:/P
rogram Files (x86)/CTEX/MiKTeX/fonts/type1/public/amsfonts/cm/cmss10.pfb><C:/Pr
ogram Files (x86)/CTEX/MiKTeX/fonts/type1/public/amsfonts/cm/cmss12.pfb><C:/Pro
gram Files (x86)/CTEX/MiKTeX/fonts/type1/public/amsfonts/cm/cmss8.pfb><C:/Progr
am Files (x86)/CTEX/MiKTeX/fonts/type1/public/amsfonts/cm/cmsy10.pfb><C:/Progra
m Files (x86)/CTEX/MiKTeX/fonts/type1/public/amsfonts/cm/cmsy5.pfb><C:/Program 
Files (x86)/CTEX/MiKTeX/fonts/type1/public/amsfonts/cm/cmsy8.pfb><C:/Program Fi
les (x86)/CTEX/MiKTeX/fonts/type1/urw/helvetic/uhvb8a.pfb><C:/Program Files (x8
6)/CTEX/MiKTeX/fonts/type1/urw/helvetic/uhvr8a.pfb><C:/Program Files (x86)/CTEX
/MiKTeX/fonts/type1/urw/helvetic/uhvro8a.pfb>
Output written on graduate_defense.pdf (35 pages, 8745969 bytes).
PDF statistics:
 1222 PDF objects out of 1440 (max. 8388607)
 140 named destinations out of 1000 (max. 500000)
 304 words of extra memory for PDF output out of 10000 (max. 10000000)

